{"C:\\Users\\PRFE12\\OneDrive - ASSOFAC\\Documents\\GitHub\\digitalcraft\\backend\\src\\app.js": {"path":"C:\\Users\\PRFE12\\OneDrive - ASSOFAC\\Documents\\GitHub\\digitalcraft\\backend\\src\\app.js","statementMap":{"0":{"start":{"line":2,"column":16},"end":{"line":2,"column":34}},"1":{"start":{"line":3,"column":13},"end":{"line":3,"column":28}},"2":{"start":{"line":4,"column":15},"end":{"line":4,"column":32}},"3":{"start":{"line":5,"column":15},"end":{"line":5,"column":32}},"4":{"start":{"line":6,"column":18},"end":{"line":6,"column":47}},"5":{"start":{"line":7,"column":0},"end":{"line":7,"column":27}},"6":{"start":{"line":10,"column":15},"end":{"line":10,"column":34}},"7":{"start":{"line":11,"column":21},"end":{"line":11,"column":57}},"8":{"start":{"line":14,"column":12},"end":{"line":14,"column":21}},"9":{"start":{"line":17,"column":20},"end":{"line":21,"column":1}},"10":{"start":{"line":24,"column":0},"end":{"line":63,"column":4}},"11":{"start":{"line":66,"column":0},"end":{"line":76,"column":3}},"12":{"start":{"line":68,"column":2},"end":{"line":68,"column":43}},"13":{"start":{"line":70,"column":2},"end":{"line":70,"column":53}},"14":{"start":{"line":72,"column":2},"end":{"line":72,"column":53}},"15":{"start":{"line":74,"column":2},"end":{"line":74,"column":82}},"16":{"start":{"line":75,"column":2},"end":{"line":75,"column":9}},"17":{"start":{"line":79,"column":0},"end":{"line":79,"column":27}},"18":{"start":{"line":82,"column":0},"end":{"line":86,"column":1}},"19":{"start":{"line":83,"column":2},"end":{"line":83,"column":25}},"20":{"start":{"line":85,"column":2},"end":{"line":85,"column":30}},"21":{"start":{"line":89,"column":16},"end":{"line":103,"column":2}},"22":{"start":{"line":100,"column":4},"end":{"line":100,"column":83}},"23":{"start":{"line":101,"column":4},"end":{"line":101,"column":57}},"24":{"start":{"line":106,"column":21},"end":{"line":120,"column":2}},"25":{"start":{"line":117,"column":4},"end":{"line":117,"column":64}},"26":{"start":{"line":118,"column":4},"end":{"line":118,"column":57}},"27":{"start":{"line":123,"column":0},"end":{"line":123,"column":26}},"28":{"start":{"line":126,"column":0},"end":{"line":126,"column":41}},"29":{"start":{"line":127,"column":0},"end":{"line":127,"column":63}},"30":{"start":{"line":130,"column":0},"end":{"line":138,"column":3}},"31":{"start":{"line":131,"column":2},"end":{"line":137,"column":5}},"32":{"start":{"line":141,"column":0},"end":{"line":141,"column":49}},"33":{"start":{"line":144,"column":0},"end":{"line":144,"column":24}},"34":{"start":{"line":147,"column":0},"end":{"line":152,"column":3}},"35":{"start":{"line":148,"column":2},"end":{"line":151,"column":5}},"36":{"start":{"line":155,"column":0},"end":{"line":155,"column":22}},"37":{"start":{"line":157,"column":0},"end":{"line":157,"column":21}}},"fnMap":{"0":{"name":"(anonymous_0)","decl":{"start":{"line":66,"column":8},"end":{"line":66,"column":9}},"loc":{"start":{"line":66,"column":28},"end":{"line":76,"column":1}},"line":66},"1":{"name":"(anonymous_1)","decl":{"start":{"line":99,"column":11},"end":{"line":99,"column":12}},"loc":{"start":{"line":99,"column":40},"end":{"line":102,"column":3}},"line":99},"2":{"name":"(anonymous_2)","decl":{"start":{"line":116,"column":11},"end":{"line":116,"column":12}},"loc":{"start":{"line":116,"column":40},"end":{"line":119,"column":3}},"line":116},"3":{"name":"(anonymous_3)","decl":{"start":{"line":130,"column":23},"end":{"line":130,"column":24}},"loc":{"start":{"line":130,"column":37},"end":{"line":138,"column":1}},"line":130},"4":{"name":"(anonymous_4)","decl":{"start":{"line":147,"column":13},"end":{"line":147,"column":14}},"loc":{"start":{"line":147,"column":27},"end":{"line":152,"column":1}},"line":147}},"branchMap":{"0":{"loc":{"start":{"line":18,"column":10},"end":{"line":18,"column":60}},"type":"binary-expr","locations":[{"start":{"line":18,"column":10},"end":{"line":18,"column":33}},{"start":{"line":18,"column":37},"end":{"line":18,"column":60}}],"line":18},"1":{"loc":{"start":{"line":82,"column":0},"end":{"line":86,"column":1}},"type":"if","locations":[{"start":{"line":82,"column":0},"end":{"line":86,"column":1}},{"start":{"line":84,"column":7},"end":{"line":86,"column":1}}],"line":82},"2":{"loc":{"start":{"line":90,"column":12},"end":{"line":90,"column":78}},"type":"cond-expr","locations":[{"start":{"line":90,"column":52},"end":{"line":90,"column":66}},{"start":{"line":90,"column":69},"end":{"line":90,"column":78}}],"line":90},"3":{"loc":{"start":{"line":91,"column":7},"end":{"line":91,"column":57}},"type":"cond-expr","locations":[{"start":{"line":91,"column":47},"end":{"line":91,"column":50}},{"start":{"line":91,"column":53},"end":{"line":91,"column":57}}],"line":91},"4":{"loc":{"start":{"line":107,"column":12},"end":{"line":107,"column":82}},"type":"cond-expr","locations":[{"start":{"line":107,"column":52},"end":{"line":107,"column":66}},{"start":{"line":107,"column":69},"end":{"line":107,"column":82}}],"line":107},"5":{"loc":{"start":{"line":108,"column":7},"end":{"line":108,"column":53}},"type":"cond-expr","locations":[{"start":{"line":108,"column":47},"end":{"line":108,"column":48}},{"start":{"line":108,"column":51},"end":{"line":108,"column":53}}],"line":108},"6":{"loc":{"start":{"line":135,"column":17},"end":{"line":135,"column":54}},"type":"binary-expr","locations":[{"start":{"line":135,"column":17},"end":{"line":135,"column":37}},{"start":{"line":135,"column":41},"end":{"line":135,"column":54}}],"line":135}},"s":{"0":0,"1":0,"2":0,"3":0,"4":0,"5":0,"6":0,"7":0,"8":0,"9":0,"10":0,"11":0,"12":0,"13":0,"14":0,"15":0,"16":0,"17":0,"18":0,"19":0,"20":0,"21":0,"22":0,"23":0,"24":0,"25":0,"26":0,"27":0,"28":0,"29":0,"30":0,"31":0,"32":0,"33":0,"34":0,"35":0,"36":0,"37":0},"f":{"0":0,"1":0,"2":0,"3":0,"4":0},"b":{"0":[0,0],"1":[0,0],"2":[0,0],"3":[0,0],"4":[0,0],"5":[0,0],"6":[0,0]}}
,"C:\\Users\\PRFE12\\OneDrive - ASSOFAC\\Documents\\GitHub\\digitalcraft\\backend\\src\\controllers\\avisController.js": {"path":"C:\\Users\\PRFE12\\OneDrive - ASSOFAC\\Documents\\GitHub\\digitalcraft\\backend\\src\\controllers\\avisController.js","statementMap":{"0":{"start":{"line":2,"column":25},"end":{"line":2,"column":54}},"1":{"start":{"line":3,"column":15},"end":{"line":3,"column":44}},"2":{"start":{"line":6,"column":28},"end":{"line":8,"column":1}},"3":{"start":{"line":7,"column":2},"end":{"line":7,"column":51}},"4":{"start":{"line":13,"column":4},"end":{"line":33,"column":5}},"5":{"start":{"line":14,"column":20},"end":{"line":20,"column":7}},"6":{"start":{"line":21,"column":22},"end":{"line":21,"column":47}},"7":{"start":{"line":23,"column":6},"end":{"line":26,"column":9}},"8":{"start":{"line":28,"column":6},"end":{"line":28,"column":71}},"9":{"start":{"line":29,"column":6},"end":{"line":32,"column":9}},"10":{"start":{"line":38,"column":4},"end":{"line":66,"column":5}},"11":{"start":{"line":39,"column":21},"end":{"line":39,"column":31}},"12":{"start":{"line":40,"column":20},"end":{"line":46,"column":7}},"13":{"start":{"line":47,"column":22},"end":{"line":47,"column":53}},"14":{"start":{"line":49,"column":6},"end":{"line":54,"column":7}},"15":{"start":{"line":50,"column":8},"end":{"line":53,"column":11}},"16":{"start":{"line":56,"column":6},"end":{"line":59,"column":9}},"17":{"start":{"line":61,"column":6},"end":{"line":61,"column":73}},"18":{"start":{"line":62,"column":6},"end":{"line":65,"column":9}},"19":{"start":{"line":71,"column":4},"end":{"line":158,"column":5}},"20":{"start":{"line":80,"column":10},"end":{"line":80,"column":18}},"21":{"start":{"line":83,"column":6},"end":{"line":88,"column":7}},"22":{"start":{"line":84,"column":8},"end":{"line":87,"column":11}},"23":{"start":{"line":91,"column":6},"end":{"line":96,"column":7}},"24":{"start":{"line":92,"column":8},"end":{"line":95,"column":11}},"25":{"start":{"line":99,"column":25},"end":{"line":99,"column":56}},"26":{"start":{"line":102,"column":23},"end":{"line":102,"column":27}},"27":{"start":{"line":103,"column":6},"end":{"line":121,"column":7}},"28":{"start":{"line":104,"column":8},"end":{"line":120,"column":9}},"29":{"start":{"line":105,"column":31},"end":{"line":113,"column":11}},"30":{"start":{"line":115,"column":30},"end":{"line":115,"column":75}},"31":{"start":{"line":116,"column":10},"end":{"line":116,"column":38}},"32":{"start":{"line":118,"column":10},"end":{"line":118,"column":59}},"33":{"start":{"line":124,"column":20},"end":{"line":127,"column":7}},"34":{"start":{"line":129,"column":21},"end":{"line":139,"column":7}},"35":{"start":{"line":141,"column":21},"end":{"line":141,"column":54}},"36":{"start":{"line":143,"column":6},"end":{"line":151,"column":9}},"37":{"start":{"line":153,"column":6},"end":{"line":153,"column":69}},"38":{"start":{"line":154,"column":6},"end":{"line":157,"column":9}},"39":{"start":{"line":163,"column":4},"end":{"line":242,"column":5}},"40":{"start":{"line":164,"column":21},"end":{"line":164,"column":31}},"41":{"start":{"line":173,"column":10},"end":{"line":173,"column":18}},"42":{"start":{"line":176,"column":27},"end":{"line":176,"column":90}},"43":{"start":{"line":177,"column":6},"end":{"line":182,"column":7}},"44":{"start":{"line":178,"column":8},"end":{"line":181,"column":11}},"45":{"start":{"line":185,"column":6},"end":{"line":190,"column":7}},"46":{"start":{"line":186,"column":8},"end":{"line":189,"column":11}},"47":{"start":{"line":193,"column":6},"end":{"line":209,"column":7}},"48":{"start":{"line":194,"column":8},"end":{"line":208,"column":9}},"49":{"start":{"line":195,"column":29},"end":{"line":202,"column":11}},"50":{"start":{"line":204,"column":10},"end":{"line":204,"column":89}},"51":{"start":{"line":206,"column":10},"end":{"line":206,"column":71}},"52":{"start":{"line":212,"column":20},"end":{"line":217,"column":7}},"53":{"start":{"line":219,"column":21},"end":{"line":228,"column":7}},"54":{"start":{"line":230,"column":6},"end":{"line":230,"column":40}},"55":{"start":{"line":232,"column":6},"end":{"line":235,"column":9}},"56":{"start":{"line":237,"column":6},"end":{"line":237,"column":73}},"57":{"start":{"line":238,"column":6},"end":{"line":241,"column":9}},"58":{"start":{"line":247,"column":4},"end":{"line":282,"column":5}},"59":{"start":{"line":248,"column":21},"end":{"line":248,"column":31}},"60":{"start":{"line":251,"column":27},"end":{"line":251,"column":90}},"61":{"start":{"line":252,"column":6},"end":{"line":257,"column":7}},"62":{"start":{"line":253,"column":8},"end":{"line":256,"column":11}},"63":{"start":{"line":260,"column":6},"end":{"line":267,"column":7}},"64":{"start":{"line":261,"column":8},"end":{"line":266,"column":9}},"65":{"start":{"line":262,"column":10},"end":{"line":262,"column":79}},"66":{"start":{"line":264,"column":10},"end":{"line":264,"column":71}},"67":{"start":{"line":270,"column":6},"end":{"line":270,"column":68}},"68":{"start":{"line":272,"column":6},"end":{"line":275,"column":9}},"69":{"start":{"line":277,"column":6},"end":{"line":277,"column":72}},"70":{"start":{"line":278,"column":6},"end":{"line":281,"column":9}},"71":{"start":{"line":287,"column":4},"end":{"line":332,"column":5}},"72":{"start":{"line":288,"column":21},"end":{"line":288,"column":31}},"73":{"start":{"line":289,"column":25},"end":{"line":289,"column":33}},"74":{"start":{"line":291,"column":6},"end":{"line":296,"column":7}},"75":{"start":{"line":292,"column":8},"end":{"line":295,"column":11}},"76":{"start":{"line":299,"column":27},"end":{"line":299,"column":90}},"77":{"start":{"line":300,"column":6},"end":{"line":305,"column":7}},"78":{"start":{"line":301,"column":8},"end":{"line":304,"column":11}},"79":{"start":{"line":308,"column":6},"end":{"line":317,"column":7}},"80":{"start":{"line":309,"column":8},"end":{"line":316,"column":9}},"81":{"start":{"line":310,"column":10},"end":{"line":312,"column":13}},"82":{"start":{"line":314,"column":10},"end":{"line":314,"column":70}},"83":{"start":{"line":320,"column":6},"end":{"line":320,"column":86}},"84":{"start":{"line":322,"column":6},"end":{"line":325,"column":9}},"85":{"start":{"line":327,"column":6},"end":{"line":327,"column":71}},"86":{"start":{"line":328,"column":6},"end":{"line":331,"column":9}},"87":{"start":{"line":337,"column":4},"end":{"line":368,"column":5}},"88":{"start":{"line":338,"column":25},"end":{"line":338,"column":35}},"89":{"start":{"line":340,"column":6},"end":{"line":345,"column":7}},"90":{"start":{"line":341,"column":8},"end":{"line":344,"column":11}},"91":{"start":{"line":347,"column":20},"end":{"line":354,"column":7}},"92":{"start":{"line":356,"column":22},"end":{"line":356,"column":57}},"93":{"start":{"line":358,"column":6},"end":{"line":361,"column":9}},"94":{"start":{"line":363,"column":6},"end":{"line":363,"column":82}},"95":{"start":{"line":364,"column":6},"end":{"line":367,"column":9}},"96":{"start":{"line":373,"column":4},"end":{"line":396,"column":5}},"97":{"start":{"line":374,"column":25},"end":{"line":382,"column":7}},"98":{"start":{"line":384,"column":20},"end":{"line":384,"column":50}},"99":{"start":{"line":386,"column":6},"end":{"line":389,"column":9}},"100":{"start":{"line":391,"column":6},"end":{"line":391,"column":79}},"101":{"start":{"line":392,"column":6},"end":{"line":395,"column":9}},"102":{"start":{"line":401,"column":4},"end":{"line":472,"column":5}},"103":{"start":{"line":402,"column":6},"end":{"line":402,"column":52}},"104":{"start":{"line":404,"column":23},"end":{"line":425,"column":7}},"105":{"start":{"line":427,"column":25},"end":{"line":427,"column":26}},"106":{"start":{"line":429,"column":6},"end":{"line":460,"column":7}},"107":{"start":{"line":430,"column":8},"end":{"line":459,"column":9}},"108":{"start":{"line":432,"column":27},"end":{"line":435,"column":11}},"109":{"start":{"line":437,"column":10},"end":{"line":456,"column":11}},"110":{"start":{"line":438,"column":12},"end":{"line":450,"column":15}},"111":{"start":{"line":452,"column":12},"end":{"line":452,"column":70}},"112":{"start":{"line":453,"column":12},"end":{"line":453,"column":27}},"113":{"start":{"line":455,"column":12},"end":{"line":455,"column":66}},"114":{"start":{"line":458,"column":10},"end":{"line":458,"column":85}},"115":{"start":{"line":462,"column":6},"end":{"line":465,"column":9}},"116":{"start":{"line":467,"column":6},"end":{"line":467,"column":62}},"117":{"start":{"line":468,"column":6},"end":{"line":471,"column":9}},"118":{"start":{"line":477,"column":4},"end":{"line":511,"column":5}},"119":{"start":{"line":478,"column":6},"end":{"line":478,"column":71}},"120":{"start":{"line":480,"column":6},"end":{"line":486,"column":7}},"121":{"start":{"line":481,"column":8},"end":{"line":481,"column":49}},"122":{"start":{"line":482,"column":8},"end":{"line":485,"column":11}},"123":{"start":{"line":488,"column":6},"end":{"line":488,"column":69}},"124":{"start":{"line":489,"column":31},"end":{"line":489,"column":64}},"125":{"start":{"line":490,"column":27},"end":{"line":490,"column":29}},"126":{"start":{"line":492,"column":6},"end":{"line":497,"column":9}},"127":{"start":{"line":493,"column":8},"end":{"line":496,"column":11}},"128":{"start":{"line":499,"column":6},"end":{"line":499,"column":73}},"129":{"start":{"line":500,"column":6},"end":{"line":504,"column":9}},"130":{"start":{"line":506,"column":6},"end":{"line":506,"column":73}},"131":{"start":{"line":507,"column":6},"end":{"line":510,"column":9}},"132":{"start":{"line":516,"column":4},"end":{"line":599,"column":5}},"133":{"start":{"line":517,"column":6},"end":{"line":517,"column":72}},"134":{"start":{"line":520,"column":31},"end":{"line":520,"column":64}},"135":{"start":{"line":521,"column":27},"end":{"line":521,"column":29}},"136":{"start":{"line":523,"column":6},"end":{"line":528,"column":9}},"137":{"start":{"line":524,"column":8},"end":{"line":527,"column":11}},"138":{"start":{"line":530,"column":6},"end":{"line":530,"column":74}},"139":{"start":{"line":531,"column":6},"end":{"line":531,"column":53}},"140":{"start":{"line":533,"column":24},"end":{"line":533,"column":25}},"141":{"start":{"line":534,"column":23},"end":{"line":534,"column":24}},"142":{"start":{"line":537,"column":6},"end":{"line":585,"column":7}},"143":{"start":{"line":538,"column":8},"end":{"line":584,"column":9}},"144":{"start":{"line":539,"column":10},"end":{"line":539,"column":71}},"145":{"start":{"line":541,"column":31},"end":{"line":544,"column":11}},"146":{"start":{"line":546,"column":10},"end":{"line":546,"column":68}},"147":{"start":{"line":548,"column":10},"end":{"line":579,"column":11}},"148":{"start":{"line":549,"column":12},"end":{"line":549,"column":91}},"149":{"start":{"line":552,"column":31},"end":{"line":552,"column":62}},"150":{"start":{"line":553,"column":12},"end":{"line":553,"column":66}},"151":{"start":{"line":556,"column":31},"end":{"line":565,"column":13}},"152":{"start":{"line":567,"column":12},"end":{"line":567,"column":61}},"153":{"start":{"line":570,"column":27},"end":{"line":573,"column":26}},"154":{"start":{"line":575,"column":12},"end":{"line":575,"column":102}},"155":{"start":{"line":576,"column":12},"end":{"line":576,"column":26}},"156":{"start":{"line":578,"column":12},"end":{"line":578,"column":85}},"157":{"start":{"line":581,"column":10},"end":{"line":581,"column":84}},"158":{"start":{"line":582,"column":10},"end":{"line":582,"column":66}},"159":{"start":{"line":583,"column":10},"end":{"line":583,"column":23}},"160":{"start":{"line":587,"column":6},"end":{"line":587,"column":101}},"161":{"start":{"line":589,"column":6},"end":{"line":592,"column":9}},"162":{"start":{"line":594,"column":6},"end":{"line":594,"column":67}},"163":{"start":{"line":595,"column":6},"end":{"line":598,"column":9}},"164":{"start":{"line":604,"column":19},"end":{"line":604,"column":25}},"165":{"start":{"line":605,"column":17},"end":{"line":605,"column":27}},"166":{"start":{"line":606,"column":17},"end":{"line":606,"column":35}},"167":{"start":{"line":607,"column":18},"end":{"line":607,"column":62}},"168":{"start":{"line":609,"column":18},"end":{"line":613,"column":5}},"169":{"start":{"line":615,"column":20},"end":{"line":615,"column":47}},"170":{"start":{"line":616,"column":19},"end":{"line":616,"column":55}},"171":{"start":{"line":617,"column":18},"end":{"line":617,"column":37}},"172":{"start":{"line":619,"column":4},"end":{"line":619,"column":71}},"173":{"start":{"line":624,"column":4},"end":{"line":691,"column":5}},"174":{"start":{"line":625,"column":41},"end":{"line":625,"column":49}},"175":{"start":{"line":627,"column":6},"end":{"line":632,"column":7}},"176":{"start":{"line":628,"column":8},"end":{"line":631,"column":11}},"177":{"start":{"line":635,"column":27},"end":{"line":640,"column":7}},"178":{"start":{"line":642,"column":22},"end":{"line":642,"column":67}},"179":{"start":{"line":643,"column":6},"end":{"line":648,"column":7}},"180":{"start":{"line":644,"column":8},"end":{"line":647,"column":11}},"181":{"start":{"line":651,"column":20},"end":{"line":651,"column":69}},"182":{"start":{"line":652,"column":24},"end":{"line":652,"column":71}},"183":{"start":{"line":655,"column":6},"end":{"line":673,"column":7}},"184":{"start":{"line":656,"column":8},"end":{"line":672,"column":9}},"185":{"start":{"line":657,"column":10},"end":{"line":665,"column":13}},"186":{"start":{"line":667,"column":10},"end":{"line":667,"column":65}},"187":{"start":{"line":668,"column":10},"end":{"line":671,"column":13}},"188":{"start":{"line":675,"column":6},"end":{"line":684,"column":9}},"189":{"start":{"line":686,"column":6},"end":{"line":686,"column":69}},"190":{"start":{"line":687,"column":6},"end":{"line":690,"column":9}},"191":{"start":{"line":696,"column":4},"end":{"line":773,"column":5}},"192":{"start":{"line":697,"column":41},"end":{"line":697,"column":49}},"193":{"start":{"line":699,"column":6},"end":{"line":704,"column":7}},"194":{"start":{"line":700,"column":8},"end":{"line":703,"column":11}},"195":{"start":{"line":707,"column":6},"end":{"line":712,"column":7}},"196":{"start":{"line":708,"column":8},"end":{"line":711,"column":11}},"197":{"start":{"line":714,"column":23},"end":{"line":714,"column":81}},"198":{"start":{"line":715,"column":6},"end":{"line":720,"column":7}},"199":{"start":{"line":716,"column":8},"end":{"line":719,"column":11}},"200":{"start":{"line":722,"column":24},"end":{"line":722,"column":39}},"201":{"start":{"line":725,"column":6},"end":{"line":730,"column":7}},"202":{"start":{"line":726,"column":8},"end":{"line":729,"column":11}},"203":{"start":{"line":733,"column":6},"end":{"line":738,"column":7}},"204":{"start":{"line":734,"column":8},"end":{"line":737,"column":11}},"205":{"start":{"line":741,"column":23},"end":{"line":750,"column":7}},"206":{"start":{"line":753,"column":21},"end":{"line":753,"column":56}},"207":{"start":{"line":756,"column":6},"end":{"line":760,"column":9}},"208":{"start":{"line":762,"column":6},"end":{"line":766,"column":9}},"209":{"start":{"line":768,"column":6},"end":{"line":768,"column":71}},"210":{"start":{"line":769,"column":6},"end":{"line":772,"column":9}},"211":{"start":{"line":778,"column":4},"end":{"line":812,"column":5}},"212":{"start":{"line":779,"column":21},"end":{"line":779,"column":31}},"213":{"start":{"line":780,"column":25},"end":{"line":780,"column":33}},"214":{"start":{"line":782,"column":6},"end":{"line":787,"column":7}},"215":{"start":{"line":783,"column":8},"end":{"line":786,"column":11}},"216":{"start":{"line":789,"column":6},"end":{"line":794,"column":7}},"217":{"start":{"line":790,"column":8},"end":{"line":793,"column":11}},"218":{"start":{"line":797,"column":6},"end":{"line":800,"column":9}},"219":{"start":{"line":802,"column":6},"end":{"line":805,"column":9}},"220":{"start":{"line":807,"column":6},"end":{"line":807,"column":69}},"221":{"start":{"line":808,"column":6},"end":{"line":811,"column":9}},"222":{"start":{"line":817,"column":4},"end":{"line":859,"column":5}},"223":{"start":{"line":818,"column":21},"end":{"line":818,"column":31}},"224":{"start":{"line":819,"column":66},"end":{"line":819,"column":74}},"225":{"start":{"line":821,"column":6},"end":{"line":826,"column":7}},"226":{"start":{"line":822,"column":8},"end":{"line":825,"column":11}},"227":{"start":{"line":829,"column":22},"end":{"line":829,"column":63}},"228":{"start":{"line":830,"column":6},"end":{"line":835,"column":7}},"229":{"start":{"line":831,"column":8},"end":{"line":834,"column":11}},"230":{"start":{"line":838,"column":25},"end":{"line":838,"column":27}},"231":{"start":{"line":839,"column":6},"end":{"line":839,"column":57}},"232":{"start":{"line":839,"column":22},"end":{"line":839,"column":57}},"233":{"start":{"line":840,"column":6},"end":{"line":840,"column":57}},"234":{"start":{"line":840,"column":22},"end":{"line":840,"column":57}},"235":{"start":{"line":841,"column":6},"end":{"line":841,"column":45}},"236":{"start":{"line":841,"column":18},"end":{"line":841,"column":45}},"237":{"start":{"line":842,"column":6},"end":{"line":842,"column":48}},"238":{"start":{"line":842,"column":19},"end":{"line":842,"column":48}},"239":{"start":{"line":843,"column":6},"end":{"line":843,"column":45}},"240":{"start":{"line":843,"column":18},"end":{"line":843,"column":45}},"241":{"start":{"line":845,"column":6},"end":{"line":845,"column":40}},"242":{"start":{"line":847,"column":6},"end":{"line":847,"column":61}},"243":{"start":{"line":849,"column":6},"end":{"line":852,"column":9}},"244":{"start":{"line":854,"column":6},"end":{"line":854,"column":71}},"245":{"start":{"line":855,"column":6},"end":{"line":858,"column":9}},"246":{"start":{"line":864,"column":4},"end":{"line":887,"column":5}},"247":{"start":{"line":865,"column":21},"end":{"line":865,"column":31}},"248":{"start":{"line":867,"column":6},"end":{"line":872,"column":7}},"249":{"start":{"line":868,"column":8},"end":{"line":871,"column":11}},"250":{"start":{"line":875,"column":6},"end":{"line":875,"column":51}},"251":{"start":{"line":877,"column":6},"end":{"line":880,"column":9}},"252":{"start":{"line":882,"column":6},"end":{"line":882,"column":70}},"253":{"start":{"line":883,"column":6},"end":{"line":886,"column":9}},"254":{"start":{"line":901,"column":8},"end":{"line":901,"column":16}},"255":{"start":{"line":904,"column":23},"end":{"line":904,"column":54}},"256":{"start":{"line":907,"column":21},"end":{"line":907,"column":25}},"257":{"start":{"line":908,"column":4},"end":{"line":927,"column":5}},"258":{"start":{"line":909,"column":6},"end":{"line":926,"column":7}},"259":{"start":{"line":910,"column":29},"end":{"line":920,"column":9}},"260":{"start":{"line":922,"column":28},"end":{"line":922,"column":73}},"261":{"start":{"line":923,"column":8},"end":{"line":923,"column":36}},"262":{"start":{"line":925,"column":8},"end":{"line":925,"column":57}},"263":{"start":{"line":930,"column":18},"end":{"line":933,"column":5}},"264":{"start":{"line":935,"column":19},"end":{"line":943,"column":5}},"265":{"start":{"line":945,"column":19},"end":{"line":945,"column":52}},"266":{"start":{"line":947,"column":4},"end":{"line":951,"column":6}},"267":{"start":{"line":955,"column":0},"end":{"line":955,"column":32}}},"fnMap":{"0":{"name":"(anonymous_0)","decl":{"start":{"line":6,"column":28},"end":{"line":6,"column":29}},"loc":{"start":{"line":6,"column":34},"end":{"line":8,"column":1}},"line":6},"1":{"name":"(anonymous_1)","decl":{"start":{"line":12,"column":2},"end":{"line":12,"column":3}},"loc":{"start":{"line":12,"column":32},"end":{"line":34,"column":3}},"line":12},"2":{"name":"(anonymous_2)","decl":{"start":{"line":37,"column":2},"end":{"line":37,"column":3}},"loc":{"start":{"line":37,"column":33},"end":{"line":67,"column":3}},"line":37},"3":{"name":"(anonymous_3)","decl":{"start":{"line":70,"column":2},"end":{"line":70,"column":3}},"loc":{"start":{"line":70,"column":32},"end":{"line":159,"column":3}},"line":70},"4":{"name":"(anonymous_4)","decl":{"start":{"line":162,"column":2},"end":{"line":162,"column":3}},"loc":{"start":{"line":162,"column":32},"end":{"line":243,"column":3}},"line":162},"5":{"name":"(anonymous_5)","decl":{"start":{"line":246,"column":2},"end":{"line":246,"column":3}},"loc":{"start":{"line":246,"column":32},"end":{"line":283,"column":3}},"line":246},"6":{"name":"(anonymous_6)","decl":{"start":{"line":286,"column":2},"end":{"line":286,"column":3}},"loc":{"start":{"line":286,"column":34},"end":{"line":333,"column":3}},"line":286},"7":{"name":"(anonymous_7)","decl":{"start":{"line":336,"column":2},"end":{"line":336,"column":3}},"loc":{"start":{"line":336,"column":37},"end":{"line":369,"column":3}},"line":336},"8":{"name":"(anonymous_8)","decl":{"start":{"line":372,"column":2},"end":{"line":372,"column":3}},"loc":{"start":{"line":372,"column":34},"end":{"line":397,"column":3}},"line":372},"9":{"name":"(anonymous_9)","decl":{"start":{"line":400,"column":2},"end":{"line":400,"column":3}},"loc":{"start":{"line":400,"column":40},"end":{"line":473,"column":3}},"line":400},"10":{"name":"(anonymous_10)","decl":{"start":{"line":476,"column":2},"end":{"line":476,"column":3}},"loc":{"start":{"line":476,"column":41},"end":{"line":512,"column":3}},"line":476},"11":{"name":"(anonymous_11)","decl":{"start":{"line":492,"column":31},"end":{"line":492,"column":32}},"loc":{"start":{"line":492,"column":38},"end":{"line":497,"column":7}},"line":492},"12":{"name":"(anonymous_12)","decl":{"start":{"line":515,"column":2},"end":{"line":515,"column":3}},"loc":{"start":{"line":515,"column":42},"end":{"line":600,"column":3}},"line":515},"13":{"name":"(anonymous_13)","decl":{"start":{"line":523,"column":31},"end":{"line":523,"column":32}},"loc":{"start":{"line":523,"column":38},"end":{"line":528,"column":7}},"line":523},"14":{"name":"(anonymous_14)","decl":{"start":{"line":603,"column":2},"end":{"line":603,"column":3}},"loc":{"start":{"line":603,"column":36},"end":{"line":620,"column":3}},"line":603},"15":{"name":"(anonymous_15)","decl":{"start":{"line":623,"column":2},"end":{"line":623,"column":3}},"loc":{"start":{"line":623,"column":45},"end":{"line":692,"column":3}},"line":623},"16":{"name":"(anonymous_16)","decl":{"start":{"line":695,"column":2},"end":{"line":695,"column":3}},"loc":{"start":{"line":695,"column":41},"end":{"line":774,"column":3}},"line":695},"17":{"name":"(anonymous_17)","decl":{"start":{"line":777,"column":2},"end":{"line":777,"column":3}},"loc":{"start":{"line":777,"column":46},"end":{"line":813,"column":3}},"line":777},"18":{"name":"(anonymous_18)","decl":{"start":{"line":816,"column":2},"end":{"line":816,"column":3}},"loc":{"start":{"line":816,"column":44},"end":{"line":860,"column":3}},"line":816},"19":{"name":"(anonymous_19)","decl":{"start":{"line":863,"column":2},"end":{"line":863,"column":3}},"loc":{"start":{"line":863,"column":44},"end":{"line":888,"column":3}},"line":863},"20":{"name":"(anonymous_20)","decl":{"start":{"line":891,"column":2},"end":{"line":891,"column":3}},"loc":{"start":{"line":891,"column":40},"end":{"line":952,"column":3}},"line":891}},"branchMap":{"0":{"loc":{"start":{"line":7,"column":9},"end":{"line":7,"column":50}},"type":"binary-expr","locations":[{"start":{"line":7,"column":9},"end":{"line":7,"column":11}},{"start":{"line":7,"column":15},"end":{"line":7,"column":50}}],"line":7},"1":{"loc":{"start":{"line":49,"column":6},"end":{"line":54,"column":7}},"type":"if","locations":[{"start":{"line":49,"column":6},"end":{"line":54,"column":7}},{"start":{},"end":{}}],"line":49},"2":{"loc":{"start":{"line":79,"column":8},"end":{"line":79,"column":26}},"type":"default-arg","locations":[{"start":{"line":79,"column":17},"end":{"line":79,"column":26}}],"line":79},"3":{"loc":{"start":{"line":83,"column":6},"end":{"line":88,"column":7}},"type":"if","locations":[{"start":{"line":83,"column":6},"end":{"line":88,"column":7}},{"start":{},"end":{}}],"line":83},"4":{"loc":{"start":{"line":83,"column":10},"end":{"line":83,"column":44}},"type":"binary-expr","locations":[{"start":{"line":83,"column":10},"end":{"line":83,"column":21}},{"start":{"line":83,"column":25},"end":{"line":83,"column":32}},{"start":{"line":83,"column":36},"end":{"line":83,"column":44}}],"line":83},"5":{"loc":{"start":{"line":91,"column":6},"end":{"line":96,"column":7}},"type":"if","locations":[{"start":{"line":91,"column":6},"end":{"line":96,"column":7}},{"start":{},"end":{}}],"line":91},"6":{"loc":{"start":{"line":91,"column":10},"end":{"line":91,"column":34}},"type":"binary-expr","locations":[{"start":{"line":91,"column":10},"end":{"line":91,"column":20}},{"start":{"line":91,"column":24},"end":{"line":91,"column":34}}],"line":91},"7":{"loc":{"start":{"line":103,"column":6},"end":{"line":121,"column":7}},"type":"if","locations":[{"start":{"line":103,"column":6},"end":{"line":121,"column":7}},{"start":{},"end":{}}],"line":103},"8":{"loc":{"start":{"line":107,"column":24},"end":{"line":107,"column":42}},"type":"binary-expr","locations":[{"start":{"line":107,"column":24},"end":{"line":107,"column":34}},{"start":{"line":107,"column":38},"end":{"line":107,"column":42}}],"line":107},"9":{"loc":{"start":{"line":110,"column":23},"end":{"line":110,"column":40}},"type":"binary-expr","locations":[{"start":{"line":110,"column":23},"end":{"line":110,"column":32}},{"start":{"line":110,"column":36},"end":{"line":110,"column":40}}],"line":110},"10":{"loc":{"start":{"line":133,"column":8},"end":{"line":133,"column":26}},"type":"binary-expr","locations":[{"start":{"line":133,"column":8},"end":{"line":133,"column":18}},{"start":{"line":133,"column":22},"end":{"line":133,"column":26}}],"line":133},"11":{"loc":{"start":{"line":136,"column":8},"end":{"line":136,"column":25}},"type":"binary-expr","locations":[{"start":{"line":136,"column":8},"end":{"line":136,"column":17}},{"start":{"line":136,"column":21},"end":{"line":136,"column":25}}],"line":136},"12":{"loc":{"start":{"line":137,"column":8},"end":{"line":137,"column":24}},"type":"binary-expr","locations":[{"start":{"line":137,"column":8},"end":{"line":137,"column":16}},{"start":{"line":137,"column":20},"end":{"line":137,"column":24}}],"line":137},"13":{"loc":{"start":{"line":177,"column":6},"end":{"line":182,"column":7}},"type":"if","locations":[{"start":{"line":177,"column":6},"end":{"line":182,"column":7}},{"start":{},"end":{}}],"line":177},"14":{"loc":{"start":{"line":185,"column":6},"end":{"line":190,"column":7}},"type":"if","locations":[{"start":{"line":185,"column":6},"end":{"line":190,"column":7}},{"start":{},"end":{}}],"line":185},"15":{"loc":{"start":{"line":185,"column":10},"end":{"line":185,"column":46}},"type":"binary-expr","locations":[{"start":{"line":185,"column":10},"end":{"line":185,"column":16}},{"start":{"line":185,"column":21},"end":{"line":185,"column":31}},{"start":{"line":185,"column":35},"end":{"line":185,"column":45}}],"line":185},"16":{"loc":{"start":{"line":193,"column":6},"end":{"line":209,"column":7}},"type":"if","locations":[{"start":{"line":193,"column":6},"end":{"line":209,"column":7}},{"start":{},"end":{}}],"line":193},"17":{"loc":{"start":{"line":193,"column":10},"end":{"line":193,"column":61}},"type":"binary-expr","locations":[{"start":{"line":193,"column":10},"end":{"line":193,"column":36}},{"start":{"line":193,"column":40},"end":{"line":193,"column":61}}],"line":193},"18":{"loc":{"start":{"line":196,"column":16},"end":{"line":196,"column":44}},"type":"binary-expr","locations":[{"start":{"line":196,"column":16},"end":{"line":196,"column":26}},{"start":{"line":196,"column":30},"end":{"line":196,"column":44}}],"line":196},"19":{"loc":{"start":{"line":197,"column":16},"end":{"line":197,"column":58}},"type":"binary-expr","locations":[{"start":{"line":197,"column":16},"end":{"line":197,"column":40}},{"start":{"line":197,"column":44},"end":{"line":197,"column":58}}],"line":197},"20":{"loc":{"start":{"line":198,"column":16},"end":{"line":198,"column":36}},"type":"binary-expr","locations":[{"start":{"line":198,"column":16},"end":{"line":198,"column":22}},{"start":{"line":198,"column":26},"end":{"line":198,"column":36}}],"line":198},"21":{"loc":{"start":{"line":199,"column":16},"end":{"line":199,"column":38}},"type":"binary-expr","locations":[{"start":{"line":199,"column":16},"end":{"line":199,"column":23}},{"start":{"line":199,"column":27},"end":{"line":199,"column":38}}],"line":199},"22":{"loc":{"start":{"line":200,"column":16},"end":{"line":200,"column":56}},"type":"binary-expr","locations":[{"start":{"line":200,"column":16},"end":{"line":200,"column":39}},{"start":{"line":200,"column":43},"end":{"line":200,"column":56}}],"line":200},"23":{"loc":{"start":{"line":201,"column":16},"end":{"line":201,"column":36}},"type":"binary-expr","locations":[{"start":{"line":201,"column":16},"end":{"line":201,"column":22}},{"start":{"line":201,"column":26},"end":{"line":201,"column":36}}],"line":201},"24":{"loc":{"start":{"line":220,"column":8},"end":{"line":220,"column":47}},"type":"binary-expr","locations":[{"start":{"line":220,"column":8},"end":{"line":220,"column":18}},{"start":{"line":220,"column":22},"end":{"line":220,"column":47}}],"line":220},"25":{"loc":{"start":{"line":221,"column":8},"end":{"line":221,"column":74}},"type":"cond-expr","locations":[{"start":{"line":221,"column":35},"end":{"line":221,"column":45}},{"start":{"line":221,"column":48},"end":{"line":221,"column":74}}],"line":221},"26":{"loc":{"start":{"line":222,"column":8},"end":{"line":222,"column":38}},"type":"binary-expr","locations":[{"start":{"line":222,"column":8},"end":{"line":222,"column":14}},{"start":{"line":222,"column":18},"end":{"line":222,"column":38}}],"line":222},"27":{"loc":{"start":{"line":223,"column":8},"end":{"line":223,"column":42}},"type":"binary-expr","locations":[{"start":{"line":223,"column":8},"end":{"line":223,"column":15}},{"start":{"line":223,"column":19},"end":{"line":223,"column":42}}],"line":223},"28":{"loc":{"start":{"line":224,"column":8},"end":{"line":224,"column":70}},"type":"cond-expr","locations":[{"start":{"line":224,"column":34},"end":{"line":224,"column":43}},{"start":{"line":224,"column":46},"end":{"line":224,"column":70}}],"line":224},"29":{"loc":{"start":{"line":225,"column":8},"end":{"line":225,"column":68}},"type":"cond-expr","locations":[{"start":{"line":225,"column":33},"end":{"line":225,"column":41}},{"start":{"line":225,"column":44},"end":{"line":225,"column":68}}],"line":225},"30":{"loc":{"start":{"line":226,"column":8},"end":{"line":226,"column":40}},"type":"binary-expr","locations":[{"start":{"line":226,"column":8},"end":{"line":226,"column":14}},{"start":{"line":226,"column":18},"end":{"line":226,"column":40}}],"line":226},"31":{"loc":{"start":{"line":252,"column":6},"end":{"line":257,"column":7}},"type":"if","locations":[{"start":{"line":252,"column":6},"end":{"line":257,"column":7}},{"start":{},"end":{}}],"line":252},"32":{"loc":{"start":{"line":260,"column":6},"end":{"line":267,"column":7}},"type":"if","locations":[{"start":{"line":260,"column":6},"end":{"line":267,"column":7}},{"start":{},"end":{}}],"line":260},"33":{"loc":{"start":{"line":291,"column":6},"end":{"line":296,"column":7}},"type":"if","locations":[{"start":{"line":291,"column":6},"end":{"line":296,"column":7}},{"start":{},"end":{}}],"line":291},"34":{"loc":{"start":{"line":300,"column":6},"end":{"line":305,"column":7}},"type":"if","locations":[{"start":{"line":300,"column":6},"end":{"line":305,"column":7}},{"start":{},"end":{}}],"line":300},"35":{"loc":{"start":{"line":308,"column":6},"end":{"line":317,"column":7}},"type":"if","locations":[{"start":{"line":308,"column":6},"end":{"line":317,"column":7}},{"start":{},"end":{}}],"line":308},"36":{"loc":{"start":{"line":324,"column":25},"end":{"line":324,"column":109}},"type":"cond-expr","locations":[{"start":{"line":324,"column":49},"end":{"line":324,"column":59}},{"start":{"line":324,"column":62},"end":{"line":324,"column":109}}],"line":324},"37":{"loc":{"start":{"line":324,"column":62},"end":{"line":324,"column":109}},"type":"cond-expr","locations":[{"start":{"line":324,"column":86},"end":{"line":324,"column":94}},{"start":{"line":324,"column":97},"end":{"line":324,"column":109}}],"line":324},"38":{"loc":{"start":{"line":340,"column":6},"end":{"line":345,"column":7}},"type":"if","locations":[{"start":{"line":340,"column":6},"end":{"line":345,"column":7}},{"start":{},"end":{}}],"line":340},"39":{"loc":{"start":{"line":437,"column":10},"end":{"line":456,"column":11}},"type":"if","locations":[{"start":{"line":437,"column":10},"end":{"line":456,"column":11}},{"start":{"line":454,"column":17},"end":{"line":456,"column":11}}],"line":437},"40":{"loc":{"start":{"line":480,"column":6},"end":{"line":486,"column":7}},"type":"if","locations":[{"start":{"line":480,"column":6},"end":{"line":486,"column":7}},{"start":{},"end":{}}],"line":480},"41":{"loc":{"start":{"line":548,"column":10},"end":{"line":579,"column":11}},"type":"if","locations":[{"start":{"line":548,"column":10},"end":{"line":579,"column":11}},{"start":{"line":577,"column":17},"end":{"line":579,"column":11}}],"line":548},"42":{"loc":{"start":{"line":560,"column":14},"end":{"line":560,"column":37}},"type":"binary-expr","locations":[{"start":{"line":560,"column":14},"end":{"line":560,"column":29}},{"start":{"line":560,"column":33},"end":{"line":560,"column":37}}],"line":560},"43":{"loc":{"start":{"line":563,"column":14},"end":{"line":563,"column":36}},"type":"binary-expr","locations":[{"start":{"line":563,"column":14},"end":{"line":563,"column":28}},{"start":{"line":563,"column":32},"end":{"line":563,"column":36}}],"line":563},"44":{"loc":{"start":{"line":564,"column":14},"end":{"line":564,"column":38}},"type":"binary-expr","locations":[{"start":{"line":564,"column":14},"end":{"line":564,"column":25}},{"start":{"line":564,"column":29},"end":{"line":564,"column":38}}],"line":564},"45":{"loc":{"start":{"line":627,"column":6},"end":{"line":632,"column":7}},"type":"if","locations":[{"start":{"line":627,"column":6},"end":{"line":632,"column":7}},{"start":{},"end":{}}],"line":627},"46":{"loc":{"start":{"line":627,"column":10},"end":{"line":627,"column":36}},"type":"binary-expr","locations":[{"start":{"line":627,"column":10},"end":{"line":627,"column":20}},{"start":{"line":627,"column":24},"end":{"line":627,"column":36}}],"line":627},"47":{"loc":{"start":{"line":643,"column":6},"end":{"line":648,"column":7}},"type":"if","locations":[{"start":{"line":643,"column":6},"end":{"line":648,"column":7}},{"start":{},"end":{}}],"line":643},"48":{"loc":{"start":{"line":655,"column":6},"end":{"line":673,"column":7}},"type":"if","locations":[{"start":{"line":655,"column":6},"end":{"line":673,"column":7}},{"start":{},"end":{}}],"line":655},"49":{"loc":{"start":{"line":699,"column":6},"end":{"line":704,"column":7}},"type":"if","locations":[{"start":{"line":699,"column":6},"end":{"line":704,"column":7}},{"start":{},"end":{}}],"line":699},"50":{"loc":{"start":{"line":699,"column":10},"end":{"line":699,"column":39}},"type":"binary-expr","locations":[{"start":{"line":699,"column":10},"end":{"line":699,"column":16}},{"start":{"line":699,"column":20},"end":{"line":699,"column":27}},{"start":{"line":699,"column":31},"end":{"line":699,"column":39}}],"line":699},"51":{"loc":{"start":{"line":707,"column":6},"end":{"line":712,"column":7}},"type":"if","locations":[{"start":{"line":707,"column":6},"end":{"line":712,"column":7}},{"start":{},"end":{}}],"line":707},"52":{"loc":{"start":{"line":715,"column":6},"end":{"line":720,"column":7}},"type":"if","locations":[{"start":{"line":715,"column":6},"end":{"line":720,"column":7}},{"start":{},"end":{}}],"line":715},"53":{"loc":{"start":{"line":725,"column":6},"end":{"line":730,"column":7}},"type":"if","locations":[{"start":{"line":725,"column":6},"end":{"line":730,"column":7}},{"start":{},"end":{}}],"line":725},"54":{"loc":{"start":{"line":733,"column":6},"end":{"line":738,"column":7}},"type":"if","locations":[{"start":{"line":733,"column":6},"end":{"line":738,"column":7}},{"start":{},"end":{}}],"line":733},"55":{"loc":{"start":{"line":782,"column":6},"end":{"line":787,"column":7}},"type":"if","locations":[{"start":{"line":782,"column":6},"end":{"line":787,"column":7}},{"start":{},"end":{}}],"line":782},"56":{"loc":{"start":{"line":789,"column":6},"end":{"line":794,"column":7}},"type":"if","locations":[{"start":{"line":789,"column":6},"end":{"line":794,"column":7}},{"start":{},"end":{}}],"line":789},"57":{"loc":{"start":{"line":804,"column":25},"end":{"line":804,"column":109}},"type":"cond-expr","locations":[{"start":{"line":804,"column":49},"end":{"line":804,"column":59}},{"start":{"line":804,"column":62},"end":{"line":804,"column":109}}],"line":804},"58":{"loc":{"start":{"line":804,"column":62},"end":{"line":804,"column":109}},"type":"cond-expr","locations":[{"start":{"line":804,"column":86},"end":{"line":804,"column":94}},{"start":{"line":804,"column":97},"end":{"line":804,"column":109}}],"line":804},"59":{"loc":{"start":{"line":821,"column":6},"end":{"line":826,"column":7}},"type":"if","locations":[{"start":{"line":821,"column":6},"end":{"line":826,"column":7}},{"start":{},"end":{}}],"line":821},"60":{"loc":{"start":{"line":830,"column":6},"end":{"line":835,"column":7}},"type":"if","locations":[{"start":{"line":830,"column":6},"end":{"line":835,"column":7}},{"start":{},"end":{}}],"line":830},"61":{"loc":{"start":{"line":839,"column":6},"end":{"line":839,"column":57}},"type":"if","locations":[{"start":{"line":839,"column":6},"end":{"line":839,"column":57}},{"start":{},"end":{}}],"line":839},"62":{"loc":{"start":{"line":840,"column":6},"end":{"line":840,"column":57}},"type":"if","locations":[{"start":{"line":840,"column":6},"end":{"line":840,"column":57}},{"start":{},"end":{}}],"line":840},"63":{"loc":{"start":{"line":841,"column":6},"end":{"line":841,"column":45}},"type":"if","locations":[{"start":{"line":841,"column":6},"end":{"line":841,"column":45}},{"start":{},"end":{}}],"line":841},"64":{"loc":{"start":{"line":842,"column":6},"end":{"line":842,"column":48}},"type":"if","locations":[{"start":{"line":842,"column":6},"end":{"line":842,"column":48}},{"start":{},"end":{}}],"line":842},"65":{"loc":{"start":{"line":843,"column":6},"end":{"line":843,"column":45}},"type":"if","locations":[{"start":{"line":843,"column":6},"end":{"line":843,"column":45}},{"start":{},"end":{}}],"line":843},"66":{"loc":{"start":{"line":867,"column":6},"end":{"line":872,"column":7}},"type":"if","locations":[{"start":{"line":867,"column":6},"end":{"line":872,"column":7}},{"start":{},"end":{}}],"line":867},"67":{"loc":{"start":{"line":898,"column":6},"end":{"line":898,"column":24}},"type":"default-arg","locations":[{"start":{"line":898,"column":15},"end":{"line":898,"column":24}}],"line":898},"68":{"loc":{"start":{"line":899,"column":6},"end":{"line":899,"column":30}},"type":"default-arg","locations":[{"start":{"line":899,"column":15},"end":{"line":899,"column":30}}],"line":899},"69":{"loc":{"start":{"line":900,"column":6},"end":{"line":900,"column":31}},"type":"default-arg","locations":[{"start":{"line":900,"column":26},"end":{"line":900,"column":31}}],"line":900},"70":{"loc":{"start":{"line":908,"column":4},"end":{"line":927,"column":5}},"type":"if","locations":[{"start":{"line":908,"column":4},"end":{"line":927,"column":5}},{"start":{},"end":{}}],"line":908},"71":{"loc":{"start":{"line":915,"column":21},"end":{"line":915,"column":38}},"type":"binary-expr","locations":[{"start":{"line":915,"column":21},"end":{"line":915,"column":30}},{"start":{"line":915,"column":34},"end":{"line":915,"column":38}}],"line":915},"72":{"loc":{"start":{"line":941,"column":6},"end":{"line":941,"column":23}},"type":"binary-expr","locations":[{"start":{"line":941,"column":6},"end":{"line":941,"column":15}},{"start":{"line":941,"column":19},"end":{"line":941,"column":23}}],"line":941}},"s":{"0":0,"1":0,"2":0,"3":0,"4":0,"5":0,"6":0,"7":0,"8":0,"9":0,"10":0,"11":0,"12":0,"13":0,"14":0,"15":0,"16":0,"17":0,"18":0,"19":0,"20":0,"21":0,"22":0,"23":0,"24":0,"25":0,"26":0,"27":0,"28":0,"29":0,"30":0,"31":0,"32":0,"33":0,"34":0,"35":0,"36":0,"37":0,"38":0,"39":0,"40":0,"41":0,"42":0,"43":0,"44":0,"45":0,"46":0,"47":0,"48":0,"49":0,"50":0,"51":0,"52":0,"53":0,"54":0,"55":0,"56":0,"57":0,"58":0,"59":0,"60":0,"61":0,"62":0,"63":0,"64":0,"65":0,"66":0,"67":0,"68":0,"69":0,"70":0,"71":0,"72":0,"73":0,"74":0,"75":0,"76":0,"77":0,"78":0,"79":0,"80":0,"81":0,"82":0,"83":0,"84":0,"85":0,"86":0,"87":0,"88":0,"89":0,"90":0,"91":0,"92":0,"93":0,"94":0,"95":0,"96":0,"97":0,"98":0,"99":0,"100":0,"101":0,"102":0,"103":0,"104":0,"105":0,"106":0,"107":0,"108":0,"109":0,"110":0,"111":0,"112":0,"113":0,"114":0,"115":0,"116":0,"117":0,"118":0,"119":0,"120":0,"121":0,"122":0,"123":0,"124":0,"125":0,"126":0,"127":0,"128":0,"129":0,"130":0,"131":0,"132":0,"133":0,"134":0,"135":0,"136":0,"137":0,"138":0,"139":0,"140":0,"141":0,"142":0,"143":0,"144":0,"145":0,"146":0,"147":0,"148":0,"149":0,"150":0,"151":0,"152":0,"153":0,"154":0,"155":0,"156":0,"157":0,"158":0,"159":0,"160":0,"161":0,"162":0,"163":0,"164":0,"165":0,"166":0,"167":0,"168":0,"169":0,"170":0,"171":0,"172":0,"173":0,"174":0,"175":0,"176":0,"177":0,"178":0,"179":0,"180":0,"181":0,"182":0,"183":0,"184":0,"185":0,"186":0,"187":0,"188":0,"189":0,"190":0,"191":0,"192":0,"193":0,"194":0,"195":0,"196":0,"197":0,"198":0,"199":0,"200":0,"201":0,"202":0,"203":0,"204":0,"205":0,"206":0,"207":0,"208":0,"209":0,"210":0,"211":0,"212":0,"213":0,"214":0,"215":0,"216":0,"217":0,"218":0,"219":0,"220":0,"221":0,"222":0,"223":0,"224":0,"225":0,"226":0,"227":0,"228":0,"229":0,"230":0,"231":0,"232":0,"233":0,"234":0,"235":0,"236":0,"237":0,"238":0,"239":0,"240":0,"241":0,"242":0,"243":0,"244":0,"245":0,"246":0,"247":0,"248":0,"249":0,"250":0,"251":0,"252":0,"253":0,"254":0,"255":0,"256":0,"257":0,"258":0,"259":0,"260":0,"261":0,"262":0,"263":0,"264":0,"265":0,"266":0,"267":0},"f":{"0":0,"1":0,"2":0,"3":0,"4":0,"5":0,"6":0,"7":0,"8":0,"9":0,"10":0,"11":0,"12":0,"13":0,"14":0,"15":0,"16":0,"17":0,"18":0,"19":0,"20":0},"b":{"0":[0,0],"1":[0,0],"2":[0],"3":[0,0],"4":[0,0,0],"5":[0,0],"6":[0,0],"7":[0,0],"8":[0,0],"9":[0,0],"10":[0,0],"11":[0,0],"12":[0,0],"13":[0,0],"14":[0,0],"15":[0,0,0],"16":[0,0],"17":[0,0],"18":[0,0],"19":[0,0],"20":[0,0],"21":[0,0],"22":[0,0],"23":[0,0],"24":[0,0],"25":[0,0],"26":[0,0],"27":[0,0],"28":[0,0],"29":[0,0],"30":[0,0],"31":[0,0],"32":[0,0],"33":[0,0],"34":[0,0],"35":[0,0],"36":[0,0],"37":[0,0],"38":[0,0],"39":[0,0],"40":[0,0],"41":[0,0],"42":[0,0],"43":[0,0],"44":[0,0],"45":[0,0],"46":[0,0],"47":[0,0],"48":[0,0],"49":[0,0],"50":[0,0,0],"51":[0,0],"52":[0,0],"53":[0,0],"54":[0,0],"55":[0,0],"56":[0,0],"57":[0,0],"58":[0,0],"59":[0,0],"60":[0,0],"61":[0,0],"62":[0,0],"63":[0,0],"64":[0,0],"65":[0,0],"66":[0,0],"67":[0],"68":[0],"69":[0],"70":[0,0],"71":[0,0],"72":[0,0]}}
,"C:\\Users\\PRFE12\\OneDrive - ASSOFAC\\Documents\\GitHub\\digitalcraft\\backend\\src\\controllers\\contactController.js": {"path":"C:\\Users\\PRFE12\\OneDrive - ASSOFAC\\Documents\\GitHub\\digitalcraft\\backend\\src\\controllers\\contactController.js","statementMap":{"0":{"start":{"line":2,"column":21},"end":{"line":2,"column":54}},"1":{"start":{"line":7,"column":4},"end":{"line":37,"column":5}},"2":{"start":{"line":8,"column":81},"end":{"line":8,"column":89}},"3":{"start":{"line":9,"column":6},"end":{"line":14,"column":7}},"4":{"start":{"line":10,"column":8},"end":{"line":13,"column":11}},"5":{"start":{"line":16,"column":28},"end":{"line":16,"column":70}},"6":{"start":{"line":17,"column":26},"end":{"line":24,"column":7}},"7":{"start":{"line":25,"column":17},"end":{"line":25,"column":55}},"8":{"start":{"line":26,"column":6},"end":{"line":30,"column":9}},"9":{"start":{"line":32,"column":6},"end":{"line":32,"column":36}},"10":{"start":{"line":33,"column":6},"end":{"line":36,"column":9}},"11":{"start":{"line":42,"column":4},"end":{"line":54,"column":5}},"12":{"start":{"line":43,"column":23},"end":{"line":43,"column":50}},"13":{"start":{"line":44,"column":6},"end":{"line":47,"column":9}},"14":{"start":{"line":49,"column":6},"end":{"line":49,"column":36}},"15":{"start":{"line":50,"column":6},"end":{"line":53,"column":9}},"16":{"start":{"line":59,"column":4},"end":{"line":78,"column":5}},"17":{"start":{"line":60,"column":21},"end":{"line":60,"column":31}},"18":{"start":{"line":61,"column":22},"end":{"line":61,"column":52}},"19":{"start":{"line":62,"column":6},"end":{"line":67,"column":7}},"20":{"start":{"line":63,"column":8},"end":{"line":66,"column":11}},"21":{"start":{"line":68,"column":6},"end":{"line":71,"column":9}},"22":{"start":{"line":73,"column":6},"end":{"line":73,"column":36}},"23":{"start":{"line":74,"column":6},"end":{"line":77,"column":9}},"24":{"start":{"line":83,"column":4},"end":{"line":115,"column":5}},"25":{"start":{"line":84,"column":21},"end":{"line":84,"column":31}},"26":{"start":{"line":85,"column":43},"end":{"line":85,"column":51}},"27":{"start":{"line":88,"column":30},"end":{"line":88,"column":60}},"28":{"start":{"line":89,"column":6},"end":{"line":94,"column":7}},"29":{"start":{"line":90,"column":8},"end":{"line":93,"column":11}},"30":{"start":{"line":97,"column":25},"end":{"line":97,"column":27}},"31":{"start":{"line":98,"column":6},"end":{"line":98,"column":45}},"32":{"start":{"line":98,"column":18},"end":{"line":98,"column":45}},"33":{"start":{"line":99,"column":6},"end":{"line":99,"column":56}},"34":{"start":{"line":99,"column":31},"end":{"line":99,"column":56}},"35":{"start":{"line":100,"column":6},"end":{"line":100,"column":54}},"36":{"start":{"line":100,"column":21},"end":{"line":100,"column":54}},"37":{"start":{"line":102,"column":21},"end":{"line":102,"column":62}},"38":{"start":{"line":104,"column":6},"end":{"line":108,"column":9}},"39":{"start":{"line":110,"column":6},"end":{"line":110,"column":36}},"40":{"start":{"line":111,"column":6},"end":{"line":114,"column":9}},"41":{"start":{"line":120,"column":4},"end":{"line":145,"column":5}},"42":{"start":{"line":121,"column":21},"end":{"line":121,"column":31}},"43":{"start":{"line":124,"column":30},"end":{"line":124,"column":60}},"44":{"start":{"line":125,"column":6},"end":{"line":130,"column":7}},"45":{"start":{"line":126,"column":8},"end":{"line":129,"column":11}},"46":{"start":{"line":133,"column":6},"end":{"line":133,"column":36}},"47":{"start":{"line":135,"column":6},"end":{"line":138,"column":9}},"48":{"start":{"line":140,"column":6},"end":{"line":140,"column":36}},"49":{"start":{"line":141,"column":6},"end":{"line":144,"column":9}},"50":{"start":{"line":150,"column":4},"end":{"line":162,"column":5}},"51":{"start":{"line":151,"column":20},"end":{"line":151,"column":49}},"52":{"start":{"line":152,"column":6},"end":{"line":155,"column":9}},"53":{"start":{"line":157,"column":6},"end":{"line":157,"column":36}},"54":{"start":{"line":158,"column":6},"end":{"line":161,"column":9}},"55":{"start":{"line":166,"column":0},"end":{"line":166,"column":35}}},"fnMap":{"0":{"name":"(anonymous_0)","decl":{"start":{"line":6,"column":2},"end":{"line":6,"column":3}},"loc":{"start":{"line":6,"column":32},"end":{"line":38,"column":3}},"line":6},"1":{"name":"(anonymous_1)","decl":{"start":{"line":41,"column":2},"end":{"line":41,"column":3}},"loc":{"start":{"line":41,"column":32},"end":{"line":55,"column":3}},"line":41},"2":{"name":"(anonymous_2)","decl":{"start":{"line":58,"column":2},"end":{"line":58,"column":3}},"loc":{"start":{"line":58,"column":33},"end":{"line":79,"column":3}},"line":58},"3":{"name":"(anonymous_3)","decl":{"start":{"line":82,"column":2},"end":{"line":82,"column":3}},"loc":{"start":{"line":82,"column":32},"end":{"line":116,"column":3}},"line":82},"4":{"name":"(anonymous_4)","decl":{"start":{"line":119,"column":2},"end":{"line":119,"column":3}},"loc":{"start":{"line":119,"column":32},"end":{"line":146,"column":3}},"line":119},"5":{"name":"(anonymous_5)","decl":{"start":{"line":149,"column":2},"end":{"line":149,"column":3}},"loc":{"start":{"line":149,"column":34},"end":{"line":163,"column":3}},"line":149}},"branchMap":{"0":{"loc":{"start":{"line":9,"column":6},"end":{"line":14,"column":7}},"type":"if","locations":[{"start":{"line":9,"column":6},"end":{"line":14,"column":7}},{"start":{},"end":{}}],"line":9},"1":{"loc":{"start":{"line":9,"column":10},"end":{"line":9,"column":85}},"type":"binary-expr","locations":[{"start":{"line":9,"column":10},"end":{"line":9,"column":22}},{"start":{"line":9,"column":26},"end":{"line":9,"column":41}},{"start":{"line":9,"column":45},"end":{"line":9,"column":59}},{"start":{"line":9,"column":63},"end":{"line":9,"column":69}},{"start":{"line":9,"column":73},"end":{"line":9,"column":85}}],"line":9},"2":{"loc":{"start":{"line":62,"column":6},"end":{"line":67,"column":7}},"type":"if","locations":[{"start":{"line":62,"column":6},"end":{"line":67,"column":7}},{"start":{},"end":{}}],"line":62},"3":{"loc":{"start":{"line":89,"column":6},"end":{"line":94,"column":7}},"type":"if","locations":[{"start":{"line":89,"column":6},"end":{"line":94,"column":7}},{"start":{},"end":{}}],"line":89},"4":{"loc":{"start":{"line":98,"column":6},"end":{"line":98,"column":45}},"type":"if","locations":[{"start":{"line":98,"column":6},"end":{"line":98,"column":45}},{"start":{},"end":{}}],"line":98},"5":{"loc":{"start":{"line":99,"column":6},"end":{"line":99,"column":56}},"type":"if","locations":[{"start":{"line":99,"column":6},"end":{"line":99,"column":56}},{"start":{},"end":{}}],"line":99},"6":{"loc":{"start":{"line":100,"column":6},"end":{"line":100,"column":54}},"type":"if","locations":[{"start":{"line":100,"column":6},"end":{"line":100,"column":54}},{"start":{},"end":{}}],"line":100},"7":{"loc":{"start":{"line":125,"column":6},"end":{"line":130,"column":7}},"type":"if","locations":[{"start":{"line":125,"column":6},"end":{"line":130,"column":7}},{"start":{},"end":{}}],"line":125}},"s":{"0":0,"1":0,"2":0,"3":0,"4":0,"5":0,"6":0,"7":0,"8":0,"9":0,"10":0,"11":0,"12":0,"13":0,"14":0,"15":0,"16":0,"17":0,"18":0,"19":0,"20":0,"21":0,"22":0,"23":0,"24":0,"25":0,"26":0,"27":0,"28":0,"29":0,"30":0,"31":0,"32":0,"33":0,"34":0,"35":0,"36":0,"37":0,"38":0,"39":0,"40":0,"41":0,"42":0,"43":0,"44":0,"45":0,"46":0,"47":0,"48":0,"49":0,"50":0,"51":0,"52":0,"53":0,"54":0,"55":0},"f":{"0":0,"1":0,"2":0,"3":0,"4":0,"5":0},"b":{"0":[0,0],"1":[0,0,0,0,0],"2":[0,0],"3":[0,0],"4":[0,0],"5":[0,0],"6":[0,0],"7":[0,0]}}
,"C:\\Users\\PRFE12\\OneDrive - ASSOFAC\\Documents\\GitHub\\digitalcraft\\backend\\src\\controllers\\devisController.js": {"path":"C:\\Users\\PRFE12\\OneDrive - ASSOFAC\\Documents\\GitHub\\digitalcraft\\backend\\src\\controllers\\devisController.js","statementMap":{"0":{"start":{"line":2,"column":25},"end":{"line":2,"column":54}},"1":{"start":{"line":9,"column":4},"end":{"line":83,"column":5}},"2":{"start":{"line":10,"column":6},"end":{"line":10,"column":50}},"3":{"start":{"line":20,"column":10},"end":{"line":20,"column":18}},"4":{"start":{"line":23,"column":6},"end":{"line":29,"column":7}},"5":{"start":{"line":24,"column":8},"end":{"line":24,"column":136}},"6":{"start":{"line":25,"column":8},"end":{"line":28,"column":11}},"7":{"start":{"line":32,"column":6},"end":{"line":32,"column":57}},"8":{"start":{"line":34,"column":26},"end":{"line":34,"column":53}},"9":{"start":{"line":35,"column":6},"end":{"line":35,"column":60}},"10":{"start":{"line":37,"column":20},"end":{"line":41,"column":7}},"11":{"start":{"line":44,"column":21},"end":{"line":54,"column":7}},"12":{"start":{"line":56,"column":6},"end":{"line":56,"column":44}},"13":{"start":{"line":57,"column":6},"end":{"line":57,"column":41}},"14":{"start":{"line":59,"column":21},"end":{"line":59,"column":54}},"15":{"start":{"line":60,"column":6},"end":{"line":60,"column":51}},"16":{"start":{"line":62,"column":6},"end":{"line":66,"column":9}},"17":{"start":{"line":68,"column":6},"end":{"line":68,"column":48}},"18":{"start":{"line":69,"column":6},"end":{"line":69,"column":58}},"19":{"start":{"line":70,"column":6},"end":{"line":70,"column":50}},"20":{"start":{"line":72,"column":6},"end":{"line":77,"column":7}},"21":{"start":{"line":73,"column":8},"end":{"line":76,"column":11}},"22":{"start":{"line":79,"column":6},"end":{"line":82,"column":9}},"23":{"start":{"line":89,"column":4},"end":{"line":114,"column":5}},"24":{"start":{"line":90,"column":20},"end":{"line":100,"column":7}},"25":{"start":{"line":102,"column":22},"end":{"line":102,"column":47}},"26":{"start":{"line":103,"column":6},"end":{"line":106,"column":9}},"27":{"start":{"line":109,"column":6},"end":{"line":109,"column":46}},"28":{"start":{"line":110,"column":6},"end":{"line":113,"column":9}},"29":{"start":{"line":119,"column":4},"end":{"line":153,"column":5}},"30":{"start":{"line":120,"column":21},"end":{"line":120,"column":31}},"31":{"start":{"line":121,"column":20},"end":{"line":131,"column":7}},"32":{"start":{"line":133,"column":22},"end":{"line":133,"column":53}},"33":{"start":{"line":135,"column":6},"end":{"line":140,"column":7}},"34":{"start":{"line":136,"column":8},"end":{"line":139,"column":11}},"35":{"start":{"line":142,"column":6},"end":{"line":145,"column":9}},"36":{"start":{"line":148,"column":6},"end":{"line":148,"column":47}},"37":{"start":{"line":149,"column":6},"end":{"line":152,"column":9}},"38":{"start":{"line":158,"column":4},"end":{"line":196,"column":5}},"39":{"start":{"line":159,"column":21},"end":{"line":159,"column":31}},"40":{"start":{"line":160,"column":25},"end":{"line":160,"column":33}},"41":{"start":{"line":163,"column":6},"end":{"line":168,"column":7}},"42":{"start":{"line":164,"column":8},"end":{"line":167,"column":11}},"43":{"start":{"line":171,"column":20},"end":{"line":173,"column":7}},"44":{"start":{"line":174,"column":21},"end":{"line":174,"column":33}},"45":{"start":{"line":177,"column":21},"end":{"line":177,"column":54}},"46":{"start":{"line":179,"column":6},"end":{"line":184,"column":7}},"47":{"start":{"line":180,"column":8},"end":{"line":183,"column":11}},"48":{"start":{"line":186,"column":6},"end":{"line":189,"column":9}},"49":{"start":{"line":191,"column":6},"end":{"line":191,"column":46}},"50":{"start":{"line":192,"column":6},"end":{"line":195,"column":9}},"51":{"start":{"line":201,"column":4},"end":{"line":226,"column":5}},"52":{"start":{"line":202,"column":21},"end":{"line":202,"column":31}},"53":{"start":{"line":203,"column":20},"end":{"line":205,"column":7}},"54":{"start":{"line":207,"column":21},"end":{"line":207,"column":52}},"55":{"start":{"line":209,"column":6},"end":{"line":214,"column":7}},"56":{"start":{"line":210,"column":8},"end":{"line":213,"column":11}},"57":{"start":{"line":216,"column":6},"end":{"line":219,"column":9}},"58":{"start":{"line":221,"column":6},"end":{"line":221,"column":46}},"59":{"start":{"line":222,"column":6},"end":{"line":225,"column":9}},"60":{"start":{"line":232,"column":4},"end":{"line":245,"column":5}},"61":{"start":{"line":233,"column":24},"end":{"line":233,"column":61}},"62":{"start":{"line":234,"column":20},"end":{"line":240,"column":7}},"63":{"start":{"line":241,"column":22},"end":{"line":241,"column":60}},"64":{"start":{"line":242,"column":6},"end":{"line":242,"column":49}},"65":{"start":{"line":244,"column":6},"end":{"line":244,"column":74}},"66":{"start":{"line":251,"column":4},"end":{"line":347,"column":5}},"67":{"start":{"line":252,"column":21},"end":{"line":252,"column":31}},"68":{"start":{"line":253,"column":39},"end":{"line":253,"column":47}},"69":{"start":{"line":254,"column":24},"end":{"line":254,"column":35}},"70":{"start":{"line":258,"column":6},"end":{"line":263,"column":7}},"71":{"start":{"line":259,"column":8},"end":{"line":262,"column":11}},"72":{"start":{"line":267,"column":25},"end":{"line":267,"column":64}},"73":{"start":{"line":268,"column":20},"end":{"line":268,"column":56}},"74":{"start":{"line":271,"column":6},"end":{"line":276,"column":7}},"75":{"start":{"line":272,"column":8},"end":{"line":275,"column":11}},"76":{"start":{"line":280,"column":28},"end":{"line":280,"column":46}},"77":{"start":{"line":284,"column":26},"end":{"line":288,"column":7}},"78":{"start":{"line":289,"column":21},"end":{"line":289,"column":98}},"79":{"start":{"line":292,"column":6},"end":{"line":297,"column":7}},"80":{"start":{"line":293,"column":8},"end":{"line":296,"column":11}},"81":{"start":{"line":333,"column":6},"end":{"line":340,"column":9}},"82":{"start":{"line":342,"column":6},"end":{"line":342,"column":53}},"83":{"start":{"line":343,"column":6},"end":{"line":346,"column":9}},"84":{"start":{"line":354,"column":2},"end":{"line":380,"column":3}},"85":{"start":{"line":355,"column":19},"end":{"line":355,"column":24}},"86":{"start":{"line":356,"column":17},"end":{"line":356,"column":27}},"87":{"start":{"line":357,"column":17},"end":{"line":357,"column":35}},"88":{"start":{"line":358,"column":18},"end":{"line":358,"column":62}},"89":{"start":{"line":360,"column":18},"end":{"line":364,"column":5}},"90":{"start":{"line":366,"column":20},"end":{"line":366,"column":47}},"91":{"start":{"line":367,"column":4},"end":{"line":367,"column":50}},"92":{"start":{"line":369,"column":19},"end":{"line":369,"column":55}},"93":{"start":{"line":370,"column":4},"end":{"line":370,"column":46}},"94":{"start":{"line":372,"column":18},"end":{"line":372,"column":37}},"95":{"start":{"line":373,"column":24},"end":{"line":373,"column":83}},"96":{"start":{"line":375,"column":4},"end":{"line":375,"column":58}},"97":{"start":{"line":376,"column":4},"end":{"line":376,"column":23}},"98":{"start":{"line":378,"column":4},"end":{"line":378,"column":57}},"99":{"start":{"line":379,"column":4},"end":{"line":379,"column":16}},"100":{"start":{"line":384,"column":0},"end":{"line":384,"column":33}}},"fnMap":{"0":{"name":"(anonymous_0)","decl":{"start":{"line":8,"column":2},"end":{"line":8,"column":3}},"loc":{"start":{"line":8,"column":32},"end":{"line":84,"column":3}},"line":8},"1":{"name":"(anonymous_1)","decl":{"start":{"line":88,"column":2},"end":{"line":88,"column":3}},"loc":{"start":{"line":88,"column":32},"end":{"line":115,"column":3}},"line":88},"2":{"name":"(anonymous_2)","decl":{"start":{"line":118,"column":2},"end":{"line":118,"column":3}},"loc":{"start":{"line":118,"column":33},"end":{"line":154,"column":3}},"line":118},"3":{"name":"(anonymous_3)","decl":{"start":{"line":157,"column":2},"end":{"line":157,"column":3}},"loc":{"start":{"line":157,"column":32},"end":{"line":197,"column":3}},"line":157},"4":{"name":"(anonymous_4)","decl":{"start":{"line":200,"column":2},"end":{"line":200,"column":3}},"loc":{"start":{"line":200,"column":32},"end":{"line":227,"column":3}},"line":200},"5":{"name":"(anonymous_5)","decl":{"start":{"line":231,"column":2},"end":{"line":231,"column":3}},"loc":{"start":{"line":231,"column":47},"end":{"line":246,"column":3}},"line":231},"6":{"name":"(anonymous_6)","decl":{"start":{"line":250,"column":2},"end":{"line":250,"column":3}},"loc":{"start":{"line":250,"column":40},"end":{"line":348,"column":3}},"line":250},"7":{"name":"generateNumeroDevis","decl":{"start":{"line":353,"column":15},"end":{"line":353,"column":34}},"loc":{"start":{"line":353,"column":37},"end":{"line":381,"column":1}},"line":353}},"branchMap":{"0":{"loc":{"start":{"line":23,"column":6},"end":{"line":29,"column":7}},"type":"if","locations":[{"start":{"line":23,"column":6},"end":{"line":29,"column":7}},{"start":{},"end":{}}],"line":23},"1":{"loc":{"start":{"line":23,"column":10},"end":{"line":23,"column":113}},"type":"binary-expr","locations":[{"start":{"line":23,"column":10},"end":{"line":23,"column":23}},{"start":{"line":23,"column":27},"end":{"line":23,"column":43}},{"start":{"line":23,"column":47},"end":{"line":23,"column":62}},{"start":{"line":23,"column":66},"end":{"line":23,"column":79}},{"start":{"line":23,"column":83},"end":{"line":23,"column":95}},{"start":{"line":23,"column":99},"end":{"line":23,"column":113}}],"line":23},"2":{"loc":{"start":{"line":52,"column":8},"end":{"line":52,"column":25}},"type":"binary-expr","locations":[{"start":{"line":52,"column":8},"end":{"line":52,"column":17}},{"start":{"line":52,"column":21},"end":{"line":52,"column":25}}],"line":52},"3":{"loc":{"start":{"line":72,"column":6},"end":{"line":77,"column":7}},"type":"if","locations":[{"start":{"line":72,"column":6},"end":{"line":77,"column":7}},{"start":{},"end":{}}],"line":72},"4":{"loc":{"start":{"line":135,"column":6},"end":{"line":140,"column":7}},"type":"if","locations":[{"start":{"line":135,"column":6},"end":{"line":140,"column":7}},{"start":{},"end":{}}],"line":135},"5":{"loc":{"start":{"line":163,"column":6},"end":{"line":168,"column":7}},"type":"if","locations":[{"start":{"line":163,"column":6},"end":{"line":168,"column":7}},{"start":{},"end":{}}],"line":163},"6":{"loc":{"start":{"line":179,"column":6},"end":{"line":184,"column":7}},"type":"if","locations":[{"start":{"line":179,"column":6},"end":{"line":184,"column":7}},{"start":{},"end":{}}],"line":179},"7":{"loc":{"start":{"line":209,"column":6},"end":{"line":214,"column":7}},"type":"if","locations":[{"start":{"line":209,"column":6},"end":{"line":214,"column":7}},{"start":{},"end":{}}],"line":209},"8":{"loc":{"start":{"line":233,"column":24},"end":{"line":233,"column":61}},"type":"binary-expr","locations":[{"start":{"line":233,"column":24},"end":{"line":233,"column":46}},{"start":{"line":233,"column":50},"end":{"line":233,"column":61}}],"line":233},"9":{"loc":{"start":{"line":258,"column":6},"end":{"line":263,"column":7}},"type":"if","locations":[{"start":{"line":258,"column":6},"end":{"line":263,"column":7}},{"start":{},"end":{}}],"line":258},"10":{"loc":{"start":{"line":271,"column":6},"end":{"line":276,"column":7}},"type":"if","locations":[{"start":{"line":271,"column":6},"end":{"line":276,"column":7}},{"start":{},"end":{}}],"line":271},"11":{"loc":{"start":{"line":280,"column":28},"end":{"line":280,"column":46}},"type":"binary-expr","locations":[{"start":{"line":280,"column":28},"end":{"line":280,"column":34}},{"start":{"line":280,"column":38},"end":{"line":280,"column":46}}],"line":280},"12":{"loc":{"start":{"line":292,"column":6},"end":{"line":297,"column":7}},"type":"if","locations":[{"start":{"line":292,"column":6},"end":{"line":297,"column":7}},{"start":{},"end":{}}],"line":292}},"s":{"0":0,"1":0,"2":0,"3":0,"4":0,"5":0,"6":0,"7":0,"8":0,"9":0,"10":0,"11":0,"12":0,"13":0,"14":0,"15":0,"16":0,"17":0,"18":0,"19":0,"20":0,"21":0,"22":0,"23":0,"24":0,"25":0,"26":0,"27":0,"28":0,"29":0,"30":0,"31":0,"32":0,"33":0,"34":0,"35":0,"36":0,"37":0,"38":0,"39":0,"40":0,"41":0,"42":0,"43":0,"44":0,"45":0,"46":0,"47":0,"48":0,"49":0,"50":0,"51":0,"52":0,"53":0,"54":0,"55":0,"56":0,"57":0,"58":0,"59":0,"60":0,"61":0,"62":0,"63":0,"64":0,"65":0,"66":0,"67":0,"68":0,"69":0,"70":0,"71":0,"72":0,"73":0,"74":0,"75":0,"76":0,"77":0,"78":0,"79":0,"80":0,"81":0,"82":0,"83":0,"84":0,"85":0,"86":0,"87":0,"88":0,"89":0,"90":0,"91":0,"92":0,"93":0,"94":0,"95":0,"96":0,"97":0,"98":0,"99":0,"100":0},"f":{"0":0,"1":0,"2":0,"3":0,"4":0,"5":0,"6":0,"7":0},"b":{"0":[0,0],"1":[0,0,0,0,0,0],"2":[0,0],"3":[0,0],"4":[0,0],"5":[0,0],"6":[0,0],"7":[0,0],"8":[0,0],"9":[0,0],"10":[0,0],"11":[0,0],"12":[0,0]}}
,"C:\\Users\\PRFE12\\OneDrive - ASSOFAC\\Documents\\GitHub\\digitalcraft\\backend\\src\\controllers\\projetController.js": {"path":"C:\\Users\\PRFE12\\OneDrive - ASSOFAC\\Documents\\GitHub\\digitalcraft\\backend\\src\\controllers\\projetController.js","statementMap":{"0":{"start":{"line":2,"column":25},"end":{"line":2,"column":54}},"1":{"start":{"line":8,"column":4},"end":{"line":28,"column":5}},"2":{"start":{"line":9,"column":18},"end":{"line":16,"column":7}},"3":{"start":{"line":17,"column":21},"end":{"line":17,"column":23}},"4":{"start":{"line":18,"column":6},"end":{"line":21,"column":7}},"5":{"start":{"line":19,"column":8},"end":{"line":19,"column":39}},"6":{"start":{"line":20,"column":8},"end":{"line":20,"column":38}},"7":{"start":{"line":22,"column":6},"end":{"line":22,"column":47}},"8":{"start":{"line":23,"column":22},"end":{"line":23,"column":55}},"9":{"start":{"line":24,"column":6},"end":{"line":24,"column":49}},"10":{"start":{"line":26,"column":6},"end":{"line":26,"column":42}},"11":{"start":{"line":27,"column":6},"end":{"line":27,"column":74}},"12":{"start":{"line":34,"column":4},"end":{"line":58,"column":5}},"13":{"start":{"line":35,"column":21},"end":{"line":35,"column":31}},"14":{"start":{"line":36,"column":20},"end":{"line":49,"column":7}},"15":{"start":{"line":50,"column":22},"end":{"line":50,"column":53}},"16":{"start":{"line":51,"column":6},"end":{"line":53,"column":7}},"17":{"start":{"line":52,"column":8},"end":{"line":52,"column":86}},"18":{"start":{"line":54,"column":6},"end":{"line":54,"column":52}},"19":{"start":{"line":56,"column":6},"end":{"line":56,"column":42}},"20":{"start":{"line":57,"column":6},"end":{"line":57,"column":74}},"21":{"start":{"line":64,"column":4},"end":{"line":79,"column":5}},"22":{"start":{"line":65,"column":89},"end":{"line":65,"column":97}},"23":{"start":{"line":66,"column":6},"end":{"line":68,"column":7}},"24":{"start":{"line":67,"column":8},"end":{"line":67,"column":124}},"25":{"start":{"line":69,"column":20},"end":{"line":69,"column":142}},"26":{"start":{"line":70,"column":21},"end":{"line":70,"column":131}},"27":{"start":{"line":71,"column":21},"end":{"line":71,"column":54}},"28":{"start":{"line":72,"column":6},"end":{"line":72,"column":101}},"29":{"start":{"line":74,"column":6},"end":{"line":74,"column":42}},"30":{"start":{"line":75,"column":6},"end":{"line":77,"column":7}},"31":{"start":{"line":76,"column":8},"end":{"line":76,"column":98}},"32":{"start":{"line":78,"column":6},"end":{"line":78,"column":74}},"33":{"start":{"line":85,"column":4},"end":{"line":98,"column":5}},"34":{"start":{"line":86,"column":21},"end":{"line":86,"column":31}},"35":{"start":{"line":87,"column":89},"end":{"line":87,"column":97}},"36":{"start":{"line":88,"column":20},"end":{"line":88,"column":157}},"37":{"start":{"line":89,"column":21},"end":{"line":89,"column":97}},"38":{"start":{"line":90,"column":21},"end":{"line":90,"column":54}},"39":{"start":{"line":91,"column":6},"end":{"line":93,"column":7}},"40":{"start":{"line":92,"column":8},"end":{"line":92,"column":86}},"41":{"start":{"line":94,"column":6},"end":{"line":94,"column":61}},"42":{"start":{"line":96,"column":6},"end":{"line":96,"column":42}},"43":{"start":{"line":97,"column":6},"end":{"line":97,"column":74}},"44":{"start":{"line":104,"column":4},"end":{"line":114,"column":5}},"45":{"start":{"line":105,"column":21},"end":{"line":105,"column":31}},"46":{"start":{"line":106,"column":21},"end":{"line":106,"column":86}},"47":{"start":{"line":107,"column":6},"end":{"line":109,"column":7}},"48":{"start":{"line":108,"column":8},"end":{"line":108,"column":86}},"49":{"start":{"line":110,"column":6},"end":{"line":110,"column":62}},"50":{"start":{"line":112,"column":6},"end":{"line":112,"column":42}},"51":{"start":{"line":113,"column":6},"end":{"line":113,"column":74}},"52":{"start":{"line":120,"column":4},"end":{"line":142,"column":5}},"53":{"start":{"line":121,"column":25},"end":{"line":121,"column":35}},"54":{"start":{"line":122,"column":20},"end":{"line":136,"column":7}},"55":{"start":{"line":137,"column":22},"end":{"line":137,"column":57}},"56":{"start":{"line":138,"column":6},"end":{"line":138,"column":49}},"57":{"start":{"line":140,"column":6},"end":{"line":140,"column":42}},"58":{"start":{"line":141,"column":6},"end":{"line":141,"column":74}},"59":{"start":{"line":148,"column":4},"end":{"line":162,"column":5}},"60":{"start":{"line":149,"column":24},"end":{"line":149,"column":61}},"61":{"start":{"line":150,"column":20},"end":{"line":157,"column":7}},"62":{"start":{"line":158,"column":22},"end":{"line":158,"column":60}},"63":{"start":{"line":159,"column":6},"end":{"line":159,"column":49}},"64":{"start":{"line":161,"column":6},"end":{"line":161,"column":74}},"65":{"start":{"line":168,"column":4},"end":{"line":239,"column":5}},"66":{"start":{"line":169,"column":21},"end":{"line":169,"column":31}},"67":{"start":{"line":170,"column":25},"end":{"line":170,"column":33}},"68":{"start":{"line":171,"column":24},"end":{"line":171,"column":35}},"69":{"start":{"line":175,"column":6},"end":{"line":180,"column":7}},"70":{"start":{"line":176,"column":8},"end":{"line":179,"column":11}},"71":{"start":{"line":184,"column":29},"end":{"line":184,"column":76}},"72":{"start":{"line":185,"column":6},"end":{"line":190,"column":7}},"73":{"start":{"line":186,"column":8},"end":{"line":189,"column":11}},"74":{"start":{"line":194,"column":25},"end":{"line":194,"column":66}},"75":{"start":{"line":195,"column":21},"end":{"line":195,"column":57}},"76":{"start":{"line":198,"column":6},"end":{"line":203,"column":7}},"77":{"start":{"line":199,"column":8},"end":{"line":202,"column":11}},"78":{"start":{"line":207,"column":6},"end":{"line":212,"column":7}},"79":{"start":{"line":208,"column":8},"end":{"line":211,"column":11}},"80":{"start":{"line":216,"column":26},"end":{"line":216,"column":75}},"81":{"start":{"line":217,"column":21},"end":{"line":217,"column":66}},"82":{"start":{"line":220,"column":6},"end":{"line":225,"column":7}},"83":{"start":{"line":221,"column":8},"end":{"line":224,"column":11}},"84":{"start":{"line":228,"column":6},"end":{"line":232,"column":9}},"85":{"start":{"line":234,"column":6},"end":{"line":234,"column":51}},"86":{"start":{"line":235,"column":6},"end":{"line":238,"column":9}},"87":{"start":{"line":244,"column":0},"end":{"line":244,"column":34}}},"fnMap":{"0":{"name":"(anonymous_0)","decl":{"start":{"line":7,"column":2},"end":{"line":7,"column":3}},"loc":{"start":{"line":7,"column":32},"end":{"line":29,"column":3}},"line":7},"1":{"name":"(anonymous_1)","decl":{"start":{"line":33,"column":2},"end":{"line":33,"column":3}},"loc":{"start":{"line":33,"column":33},"end":{"line":59,"column":3}},"line":33},"2":{"name":"(anonymous_2)","decl":{"start":{"line":63,"column":2},"end":{"line":63,"column":3}},"loc":{"start":{"line":63,"column":32},"end":{"line":80,"column":3}},"line":63},"3":{"name":"(anonymous_3)","decl":{"start":{"line":84,"column":2},"end":{"line":84,"column":3}},"loc":{"start":{"line":84,"column":32},"end":{"line":99,"column":3}},"line":84},"4":{"name":"(anonymous_4)","decl":{"start":{"line":103,"column":2},"end":{"line":103,"column":3}},"loc":{"start":{"line":103,"column":32},"end":{"line":115,"column":3}},"line":103},"5":{"name":"(anonymous_5)","decl":{"start":{"line":119,"column":2},"end":{"line":119,"column":3}},"loc":{"start":{"line":119,"column":37},"end":{"line":143,"column":3}},"line":119},"6":{"name":"(anonymous_6)","decl":{"start":{"line":147,"column":2},"end":{"line":147,"column":3}},"loc":{"start":{"line":147,"column":47},"end":{"line":163,"column":3}},"line":147},"7":{"name":"(anonymous_7)","decl":{"start":{"line":167,"column":2},"end":{"line":167,"column":3}},"loc":{"start":{"line":167,"column":38},"end":{"line":240,"column":3}},"line":167}},"branchMap":{"0":{"loc":{"start":{"line":18,"column":6},"end":{"line":21,"column":7}},"type":"if","locations":[{"start":{"line":18,"column":6},"end":{"line":21,"column":7}},{"start":{},"end":{}}],"line":18},"1":{"loc":{"start":{"line":51,"column":6},"end":{"line":53,"column":7}},"type":"if","locations":[{"start":{"line":51,"column":6},"end":{"line":53,"column":7}},{"start":{},"end":{}}],"line":51},"2":{"loc":{"start":{"line":66,"column":6},"end":{"line":68,"column":7}},"type":"if","locations":[{"start":{"line":66,"column":6},"end":{"line":68,"column":7}},{"start":{},"end":{}}],"line":66},"3":{"loc":{"start":{"line":66,"column":10},"end":{"line":66,"column":50}},"type":"binary-expr","locations":[{"start":{"line":66,"column":10},"end":{"line":66,"column":16}},{"start":{"line":66,"column":20},"end":{"line":66,"column":32}},{"start":{"line":66,"column":36},"end":{"line":66,"column":50}}],"line":66},"4":{"loc":{"start":{"line":70,"column":42},"end":{"line":70,"column":56}},"type":"binary-expr","locations":[{"start":{"line":70,"column":42},"end":{"line":70,"column":48}},{"start":{"line":70,"column":52},"end":{"line":70,"column":56}}],"line":70},"5":{"loc":{"start":{"line":70,"column":58},"end":{"line":70,"column":78}},"type":"binary-expr","locations":[{"start":{"line":70,"column":58},"end":{"line":70,"column":64}},{"start":{"line":70,"column":68},"end":{"line":70,"column":78}}],"line":70},"6":{"loc":{"start":{"line":70,"column":95},"end":{"line":70,"column":111}},"type":"binary-expr","locations":[{"start":{"line":70,"column":95},"end":{"line":70,"column":103}},{"start":{"line":70,"column":107},"end":{"line":70,"column":111}}],"line":70},"7":{"loc":{"start":{"line":70,"column":113},"end":{"line":70,"column":130}},"type":"binary-expr","locations":[{"start":{"line":70,"column":113},"end":{"line":70,"column":122}},{"start":{"line":70,"column":126},"end":{"line":70,"column":130}}],"line":70},"8":{"loc":{"start":{"line":75,"column":6},"end":{"line":77,"column":7}},"type":"if","locations":[{"start":{"line":75,"column":6},"end":{"line":77,"column":7}},{"start":{},"end":{}}],"line":75},"9":{"loc":{"start":{"line":91,"column":6},"end":{"line":93,"column":7}},"type":"if","locations":[{"start":{"line":91,"column":6},"end":{"line":93,"column":7}},{"start":{},"end":{}}],"line":91},"10":{"loc":{"start":{"line":107,"column":6},"end":{"line":109,"column":7}},"type":"if","locations":[{"start":{"line":107,"column":6},"end":{"line":109,"column":7}},{"start":{},"end":{}}],"line":107},"11":{"loc":{"start":{"line":149,"column":24},"end":{"line":149,"column":61}},"type":"binary-expr","locations":[{"start":{"line":149,"column":24},"end":{"line":149,"column":46}},{"start":{"line":149,"column":50},"end":{"line":149,"column":61}}],"line":149},"12":{"loc":{"start":{"line":175,"column":6},"end":{"line":180,"column":7}},"type":"if","locations":[{"start":{"line":175,"column":6},"end":{"line":180,"column":7}},{"start":{},"end":{}}],"line":175},"13":{"loc":{"start":{"line":185,"column":6},"end":{"line":190,"column":7}},"type":"if","locations":[{"start":{"line":185,"column":6},"end":{"line":190,"column":7}},{"start":{},"end":{}}],"line":185},"14":{"loc":{"start":{"line":198,"column":6},"end":{"line":203,"column":7}},"type":"if","locations":[{"start":{"line":198,"column":6},"end":{"line":203,"column":7}},{"start":{},"end":{}}],"line":198},"15":{"loc":{"start":{"line":207,"column":6},"end":{"line":212,"column":7}},"type":"if","locations
[...]
,"C:\\Users\\PRFE12\\OneDrive - ASSOFAC\\Documents\\GitHub\\digitalcraft\\backend\\src\\routes\\avisRoutes.js": {"path":"C:\\Users\\PRFE12\\OneDrive - ASSOFAC\\Documents\\GitHub\\digitalcraft\\backend\\src\\routes\\avisRoutes.js","statementMap":{"0":{"start":{"line":2,"column":16},"end":{"line":2,"column":34}},"1":{"start":{"line":3,"column":15},"end":{"line":3,"column":31}},"2":{"start":{"line":4,"column":23},"end":{"line":4,"column":63}},"3":{"start":{"line":5,"column":47},"end":{"line":5,"column":76}},"4":{"start":{"line":8,"column":0},"end":{"line":8,"column":39}},"5":{"start":{"line":11,"column":0},"end":{"line":11,"column":43}},"6":{"start":{"line":14,"column":0},"end":{"line":14,"column":76}},"7":{"start":{"line":17,"column":0},"end":{"line":17,"column":78}},"8":{"start":{"line":20,"column":0},"end":{"line":20,"column":81}},"9":{"start":{"line":23,"column":0},"end":{"line":23,"column":91}},"10":{"start":{"line":26,"column":0},"end":{"line":26,"column":94}},"11":{"start":{"line":29,"column":0},"end":{"line":29,"column":91}},"12":{"start":{"line":32,"column":0},"end":{"line":32,"column":65}},"13":{"start":{"line":35,"column":0},"end":{"line":35,"column":62}},"14":{"start":{"line":38,"column":0},"end":{"line":38,"column":63}},"15":{"start":{"line":41,"column":0},"end":{"line":41,"column":112}},"16":{"start":{"line":42,"column":0},"end":{"line":42,"column":99}},"17":{"start":{"line":43,"column":0},"end":{"line":43,"column":102}},"18":{"start":{"line":46,"column":0},"end":{"line":46,"column":103}},"19":{"start":{"line":49,"column":0},"end":{"line":49,"column":66}},"20":{"start":{"line":51,"column":0},"end":{"line":51,"column":24}}},"fnMap":{},"branchMap":{},"s":{"0":0,"1":0,"2":0,"3":0,"4":0,"5":0,"6":0,"7":0,"8":0,"9":0,"10":0,"11":0,"12":0,"13":0,"14":0,"15":0,"16":0,"17":0,"18":0,"19":0,"20":0},"f":{},"b":{}}
,"C:\\Users\\PRFE12\\OneDrive - ASSOFAC\\Documents\\GitHub\\digitalcraft\\backend\\src\\routes\\contactRoutes.js": {"path":"C:\\Users\\PRFE12\\OneDrive - ASSOFAC\\Documents\\GitHub\\digitalcraft\\backend\\src\\routes\\contactRoutes.js","statementMap":{"0":{"start":{"line":2,"column":16},"end":{"line":2,"column":34}},"1":{"start":{"line":3,"column":15},"end":{"line":3,"column":31}},"2":{"start":{"line":4,"column":26},"end":{"line":4,"column":69}},"3":{"start":{"line":5,"column":47},"end":{"line":5,"column":76}},"4":{"start":{"line":6,"column":29},"end":{"line":6,"column":57}},"5":{"start":{"line":11,"column":31},"end":{"line":21,"column":1}},"6":{"start":{"line":12,"column":17},"end":{"line":12,"column":38}},"7":{"start":{"line":13,"column":2},"end":{"line":19,"column":3}},"8":{"start":{"line":14,"column":4},"end":{"line":18,"column":7}},"9":{"start":{"line":20,"column":2},"end":{"line":20,"column":9}},"10":{"start":{"line":24,"column":0},"end":{"line":28,"column":2}},"11":{"start":{"line":31,"column":0},"end":{"line":31,"column":78}},"12":{"start":{"line":34,"column":0},"end":{"line":34,"column":82}},"13":{"start":{"line":37,"column":0},"end":{"line":37,"column":81}},"14":{"start":{"line":40,"column":0},"end":{"line":40,"column":84}},"15":{"start":{"line":43,"column":0},"end":{"line":43,"column":94}},"16":{"start":{"line":45,"column":0},"end":{"line":45,"column":24}}},"fnMap":{"0":{"name":"(anonymous_0)","decl":{"start":{"line":11,"column":31},"end":{"line":11,"column":32}},"loc":{"start":{"line":11,"column":51},"end":{"line":21,"column":1}},"line":11}},"branchMap":{"0":{"loc":{"start":{"line":13,"column":2},"end":{"line":19,"column":3}},"type":"if","locations":[{"start":{"line":13,"column":2},"end":{"line":19,"column":3}},{"start":{},"end":{}}],"line":13}},"s":{"0":0,"1":0,"2":0,"3":0,"4":0,"5":0,"6":0,"7":0,"8":0,"9":0,"10":0,"11":0,"12":0,"13":0,"14":0,"15":0,"16":0},"f":{"0":0},"b":{"0":[0,0]}}
,"C:\\Users\\PRFE12\\OneDrive - ASSOFAC\\Documents\\GitHub\\digitalcraft\\backend\\src\\routes\\devisRoutes.js": {"path":"C:\\Users\\PRFE12\\OneDrive - ASSOFAC\\Documents\\GitHub\\digitalcraft\\backend\\src\\routes\\devisRoutes.js","statementMap":{"0":{"start":{"line":3,"column":16},"end":{"line":3,"column":34}},"1":{"start":{"line":4,"column":15},"end":{"line":4,"column":31}},"2":{"start":{"line":5,"column":24},"end":{"line":5,"column":65}},"3":{"start":{"line":6,"column":61},"end":{"line":6,"column":90}},"4":{"start":{"line":7,"column":29},"end":{"line":7,"column":57}},"5":{"start":{"line":13,"column":31},"end":{"line":23,"column":1}},"6":{"start":{"line":14,"column":17},"end":{"line":14,"column":38}},"7":{"start":{"line":15,"column":2},"end":{"line":21,"column":3}},"8":{"start":{"line":16,"column":4},"end":{"line":20,"column":7}},"9":{"start":{"line":22,"column":2},"end":{"line":22,"column":9}},"10":{"start":{"line":27,"column":0},"end":{"line":27,"column":76}},"11":{"start":{"line":31,"column":0},"end":{"line":31,"column":99}},"12":{"start":{"line":35,"column":0},"end":{"line":35,"column":96}},"13":{"start":{"line":39,"column":0},"end":{"line":39,"column":80}},"14":{"start":{"line":43,"column":0},"end":{"line":47,"column":2}},"15":{"start":{"line":51,"column":0},"end":{"line":57,"column":2}},"16":{"start":{"line":61,"column":0},"end":{"line":65,"column":2}},"17":{"start":{"line":68,"column":0},"end":{"line":68,"column":24}}},"fnMap":{"0":{"name":"(anonymous_0)","decl":{"start":{"line":13,"column":31},"end":{"line":13,"column":32}},"loc":{"start":{"line":13,"column":51},"end":{"line":23,"column":1}},"line":13}},"branchMap":{"0":{"loc":{"start":{"line":15,"column":2},"end":{"line":21,"column":3}},"type":"if","locations":[{"start":{"line":15,"column":2},"end":{"line":21,"column":3}},{"start":{},"end":{}}],"line":15}},"s":{"0":0,"1":0,"2":0,"3":0,"4":0,"5":0,"6":0,"7":0,"8":0,"9":0,"10":0,"11":0,"12":0,"13":0,"14":0,"15":0,"16":0,"17":0},"f":{"0":0},"b":{"0":[0,0]}}
,"C:\\Users\\PRFE12\\OneDrive - ASSOFAC\\Documents\\GitHub\\digitalcraft\\backend\\src\\routes\\index.js": {"path":"C:\\Users\\PRFE12\\OneDrive - ASSOFAC\\Documents\\GitHub\\digitalcraft\\backend\\src\\routes\\index.js","statementMap":{"0":{"start":{"line":2,"column":16},"end":{"line":2,"column":34}},"1":{"start":{"line":3,"column":15},"end":{"line":3,"column":31}},"2":{"start":{"line":6,"column":26},"end":{"line":6,"column":56}},"3":{"start":{"line":7,"column":22},"end":{"line":7,"column":48}},"4":{"start":{"line":8,"column":21},"end":{"line":8,"column":46}},"5":{"start":{"line":9,"column":20},"end":{"line":9,"column":44}},"6":{"start":{"line":10,"column":19},"end":{"line":10,"column":42}},"7":{"start":{"line":11,"column":22},"end":{"line":11,"column":48}},"8":{"start":{"line":12,"column":26},"end":{"line":12,"column":56}},"9":{"start":{"line":13,"column":27},"end":{"line":13,"column":58}},"10":{"start":{"line":16,"column":0},"end":{"line":16,"column":47}},"11":{"start":{"line":17,"column":0},"end":{"line":17,"column":39}},"12":{"start":{"line":18,"column":0},"end":{"line":18,"column":37}},"13":{"start":{"line":19,"column":0},"end":{"line":19,"column":34}},"14":{"start":{"line":20,"column":0},"end":{"line":20,"column":32}},"15":{"start":{"line":21,"column":0},"end":{"line":21,"column":39}},"16":{"start":{"line":22,"column":0},"end":{"line":22,"column":47}},"17":{"start":{"line":23,"column":0},"end":{"line":23,"column":51}},"18":{"start":{"line":26,"column":0},"end":{"line":42,"column":3}},"19":{"start":{"line":27,"column":2},"end":{"line":41,"column":5}},"20":{"start":{"line":44,"column":0},"end":{"line":44,"column":24}}},"fnMap":{"0":{"name":"(anonymous_0)","decl":{"start":{"line":26,"column":16},"end":{"line":26,"column":17}},"loc":{"start":{"line":26,"column":30},"end":{"line":42,"column":1}},"line":26}},"branchMap":{},"s":{"0":0,"1":0,"2":0,"3":0,"4":0,"5":0,"6":0,"7":0,"8":0,"9":0,"10":0,"11":0,"12":0,"13":0,"14":0,"15":0,"16":0,"17":0,"18":0,"19":0,"20":0},"f":{"0":0},"b":{}}
,"C:\\Users\\PRFE12\\OneDrive - ASSOFAC\\Documents\\GitHub\\digitalcraft\\backend\\src\\routes\\projetRoutes.js": {"path":"C:\\Users\\PRFE12\\OneDrive - ASSOFAC\\Documents\\GitHub\\digitalcraft\\backend\\src\\routes\\projetRoutes.js","statementMap":{"0":{"start":{"line":2,"column":16},"end":{"line":2,"column":34}},"1":{"start":{"line":3,"column":15},"end":{"line":3,"column":31}},"2":{"start":{"line":4,"column":25},"end":{"line":4,"column":67}},"3":{"start":{"line":5,"column":61},"end":{"line":5,"column":90}},"4":{"start":{"line":6,"column":29},"end":{"line":6,"column":57}},"5":{"start":{"line":11,"column":31},"end":{"line":21,"column":1}},"6":{"start":{"line":12,"column":17},"end":{"line":12,"column":38}},"7":{"start":{"line":13,"column":2},"end":{"line":19,"column":3}},"8":{"start":{"line":14,"column":4},"end":{"line":18,"column":7}},"9":{"start":{"line":20,"column":2},"end":{"line":20,"column":9}},"10":{"start":{"line":24,"column":0},"end":{"line":24,"column":41}},"11":{"start":{"line":27,"column":0},"end":{"line":27,"column":100}},"12":{"start":{"line":30,"column":0},"end":{"line":30,"column":93}},"13":{"start":{"line":34,"column":0},"end":{"line":34,"column":45}},"14":{"start":{"line":37,"column":0},"end":{"line":37,"column":60}},"15":{"start":{"line":40,"column":0},"end":{"line":46,"column":2}},"16":{"start":{"line":49,"column":0},"end":{"line":55,"column":2}},"17":{"start":{"line":58,"column":0},"end":{"line":62,"column":2}},"18":{"start":{"line":64,"column":0},"end":{"line":64,"column":24}}},"fnMap":{"0":{"name":"(anonymous_0)","decl":{"start":{"line":11,"column":31},"end":{"line":11,"column":32}},"loc":{"start":{"line":11,"column":51},"end":{"line":21,"column":1}},"line":11}},"branchMap":{"0":{"loc":{"start":{"line":13,"column":2},"end":{"line":19,"column":3}},"type":"if","locations":[{"start":{"line":13,"column":2},"end":{"line":19,"column":3}},{"start":{},"end":{}}],"line":13}},"s":{"0":0,"1":0,"2":0,"3":0,"4":0,"5":0,"6":0,"7":0,"8":0,"9":0,"10":0,"11":0,"12":0,"13":0,"14":0,"15":0,"16":0,"17":0,"18":0},"f":{"0":0},"b":{"0":[0,0]}}
,"C:\\Users\\PRFE12\\OneDrive - ASSOFAC\\Documents\\GitHub\\digitalcraft\\backend\\src\\routes\\reseauSocialRoutes.js": {"path":"C:\\Users\\PRFE12\\OneDrive - ASSOFAC\\Documents\\GitHub\\digitalcraft\\backend\\src\\routes\\reseauSocialRoutes.js","statementMap":{"0":{"start":{"line":1,"column":16},"end":{"line":1,"column":34}},"1":{"start":{"line":2,"column":15},"end":{"line":2,"column":31}},"2":{"start":{"line":5,"column":0},"end":{"line":7,"column":3}},"3":{"start":{"line":6,"column":2},"end":{"line":6,"column":64}},"4":{"start":{"line":9,"column":0},"end":{"line":9,"column":24}}},"fnMap":{"0":{"name":"(anonymous_0)","decl":{"start":{"line":5,"column":16},"end":{"line":5,"column":17}},"loc":{"start":{"line":5,"column":30},"end":{"line":7,"column":1}},"line":5}},"branchMap":{},"s":{"0":0,"1":0,"2":0,"3":0,"4":0},"f":{"0":0},"b":{}}
,"C:\\Users\\PRFE12\\OneDrive - ASSOFAC\\Documents\\GitHub\\digitalcraft\\backend\\src\\routes\\serviceRoutes.js": {"path":"C:\\Users\\PRFE12\\OneDrive - ASSOFAC\\Documents\\GitHub\\digitalcraft\\backend\\src\\routes\\serviceRoutes.js","statementMap":{"0":{"start":{"line":2,"column":16},"end":{"line":2,"column":34}},"1":{"start":{"line":3,"column":15},"end":{"line":3,"column":31}},"2":{"start":{"line":4,"column":26},"end":{"line":4,"column":69}},"3":{"start":{"line":5,"column":28},"end":{"line":5,"column":63}},"4":{"start":{"line":6,"column":61},"end":{"line":6,"column":90}},"5":{"start":{"line":7,"column":29},"end":{"line":7,"column":57}},"6":{"start":{"line":10,"column":31},"end":{"line":20,"column":1}},"7":{"start":{"line":11,"column":17},"end":{"line":11,"column":38}},"8":{"start":{"line":12,"column":2},"end":{"line":18,"column":3}},"9":{"start":{"line":13,"column":4},"end":{"line":17,"column":7}},"10":{"start":{"line":19,"column":2},"end":{"line":19,"column":9}},"11":{"start":{"line":23,"column":0},"end":{"line":23,"column":42}},"12":{"start":{"line":26,"column":0},"end":{"line":26,"column":58}},"13":{"start":{"line":29,"column":0},"end":{"line":29,"column":46}},"14":{"start":{"line":32,"column":0},"end":{"line":38,"column":2}},"15":{"start":{"line":40,"column":0},"end":{"line":46,"column":2}},"16":{"start":{"line":48,"column":0},"end":{"line":52,"column":2}},"17":{"start":{"line":54,"column":0},"end":{"line":54,"column":24}}},"fnMap":{"0":{"name":"(anonymous_0)","decl":{"start":{"line":10,"column":31},"end":{"line":10,"column":32}},"loc":{"start":{"line":10,"column":51},"end":{"line":20,"column":1}},"line":10}},"branchMap":{"0":{"loc":{"start":{"line":12,"column":2},"end":{"line":18,"column":3}},"type":"if","locations":[{"start":{"line":12,"column":2},"end":{"line":18,"column":3}},{"start":{},"end":{}}],"line":12}},"s":{"0":0,"1":0,"2":0,"3":0,"4":0,"5":0,"6":0,"7":0,"8":0,"9":0,"10":0,"11":0,"12":0,"13":0,"14":0,"15":0,"16":0,"17":0},"f":{"0":0},"b":{"0":[0,0]}}
,"C:\\Users\\PRFE12\\OneDrive - ASSOFAC\\Documents\\GitHub\\digitalcraft\\backend\\src\\routes\\statistiqueRoutes.js": {"path":"C:\\Users\\PRFE12\\OneDrive - ASSOFAC\\Documents\\GitHub\\digitalcraft\\backend\\src\\routes\\statistiqueRoutes.js","statementMap":{"0":{"start":{"line":1,"column":16},"end":{"line":1,"column":34}},"1":{"start":{"line":2,"column":15},"end":{"line":2,"column":31}},"2":{"start":{"line":3,"column":30},"end":{"line":3,"column":77}},"3":{"start":{"line":5,"column":44},"end":{"line":5,"column":73}},"4":{"start":{"line":8,"column":0},"end":{"line":8,"column":92}},"5":{"start":{"line":11,"column":0},"end":{"line":11,"column":95}},"6":{"start":{"line":13,"column":0},"end":{"line":13,"column":24}}},"fnMap":{},"branchMap":{},"s":{"0":0,"1":0,"2":0,"3":0,"4":0,"5":0,"6":0},"f":{},"b":{}}
,"C:\\Users\\PRFE12\\OneDrive - ASSOFAC\\Documents\\GitHub\\digitalcraft\\backend\\src\\routes\\utilisateurRoutes.js": {"path":"C:\\Users\\PRFE12\\OneDrive - ASSOFAC\\Documents\\GitHub\\digitalcraft\\backend\\src\\routes\\utilisateurRoutes.js","statementMap":{"0":{"start":{"line":1,"column":16},"end":{"line":1,"column":34}},"1":{"start":{"line":2,"column":15},"end":{"line":2,"column":31}},"2":{"start":{"line":3,"column":30},"end":{"line":3,"column":77}},"3":{"start":{"line":6,"column":0},"end":{"line":6,"column":61}},"4":{"start":{"line":7,"column":0},"end":{"line":7,"column":85}},"5":{"start":{"line":9,"column":69},"end":{"line":9,"column":98}},"6":{"start":{"line":17,"column":4},"end":{"line":17,"column":39}},"7":{"start":{"line":18,"column":35},"end":{"line":18,"column":63}},"8":{"start":{"line":19,"column":22},"end":{"line":19,"column":60}},"9":{"start":{"line":22,"column":0},"end":{"line":22,"column":83}},"10":{"start":{"line":24,"column":1},"end":{"line":24,"column":86}},"11":{"start":{"line":28,"column":0},"end":{"line":58,"column":38}},"12":{"start":{"line":45,"column":6},"end":{"line":47,"column":7}},"13":{"start":{"line":46,"column":8},"end":{"line":46,"column":66}},"14":{"start":{"line":48,"column":6},"end":{"line":48,"column":18}},"15":{"start":{"line":53,"column":17},"end":{"line":53,"column":38}},"16":{"start":{"line":54,"column":2},"end":{"line":56,"column":3}},"17":{"start":{"line":55,"column":4},"end":{"line":55,"column":107}},"18":{"start":{"line":57,"column":2},"end":{"line":57,"column":9}},"19":{"start":{"line":61,"column":0},"end":{"line":61,"column":76}},"20":{"start":{"line":62,"column":0},"end":{"line":62,"column":99}},"21":{"start":{"line":63,"column":0},"end":{"line":63,"column":112}},"22":{"start":{"line":66,"column":0},"end":{"line":71,"column":33}},"23":{"start":{"line":67,"column":2},"end":{"line":69,"column":3}},"24":{"start":{"line":68,"column":4},"end":{"line":68,"column":78}},"25":{"start":{"line":70,"column":2},"end":{"line":70,"column":9}},"26":{"start":{"line":72,"column":0},"end":{"line":72,"column":114}},"27":{"start":{"line":73,"column":0},"end":{"line":73,"column":95}},"28":{"start":{"line":74,"column":0},"end":{"line":98,"column":33}},"29":{"start":{"line":93,"column":17},"end":{"line":93,"column":38}},"30":{"start":{"line":94,"column":2},"end":{"line":96,"column":3}},"31":{"start":{"line":95,"column":4},"end":{"line":95,"column":107}},"32":{"start":{"line":97,"column":2},"end":{"line":97,"column":9}},"33":{"start":{"line":99,"column":0},"end":{"line":99,"column":97}},"34":{"start":{"line":102,"column":0},"end":{"line":102,"column":90}},"35":{"start":{"line":105,"column":0},"end":{"line":105,"column":107}},"36":{"start":{"line":107,"column":0},"end":{"line":107,"column":24}}},"fnMap":{"0":{"name":"(anonymous_0)","decl":{"start":{"line":44,"column":12},"end":{"line":44,"column":13}},"loc":{"start":{"line":44,"column":32},"end":{"line":49,"column":5}},"line":44},"1":{"name":"(anonymous_1)","decl":{"start":{"line":52,"column":3},"end":{"line":52,"column":4}},"loc":{"start":{"line":52,"column":23},"end":{"line":58,"column":1}},"line":52},"2":{"name":"(anonymous_2)","decl":{"start":{"line":66,"column":69},"end":{"line":66,"column":70}},"loc":{"start":{"line":66,"column":89},"end":{"line":71,"column":1}},"line":66},"3":{"name":"(anonymous_3)","decl":{"start":{"line":92,"column":3},"end":{"line":92,"column":4}},"loc":{"start":{"line":92,"column":23},"end":{"line":98,"column":1}},"line":92}},"branchMap":{"0":{"loc":{"start":{"line":45,"column":6},"end":{"line":47,"column":7}},"type":"if","locations":[{"start":{"line":45,"column":6},"end":{"line":47,"column":7}},{"start":{},"end":{}}],"line":45},"1":{"loc":{"start":{"line":54,"column":2},"end":{"line":56,"column":3}},"type":"if","locations":[{"start":{"line":54,"column":2},"end":{"line":56,"column":3}},{"start":{},"end":{}}],"line":54},"2":{"loc":{"start":{"line":67,"column":2},"end":{"line":69,"column":3}},"type":"if","locations":[{"start":{"line":67,"column":2},"end":{"line":69,"column":3}},{"start":{},"end":{}}],"line":67},"3":{"loc":{"start":{"line":67,"column":6},"end":{"line":67,"column":91}},"type":"binary-expr","locations":[{"start":{"line":67,"column":6},"end":{"line":67,"column":20}},{"start":{"line":67,"column":24},"end":{"line":67,"column":91}}],"line":67},"4":{"loc":{"start":{"line":94,"column":2},"end":{"line":96,"column":3}},"type":"if","locations":[{"start":{"line":94,"column":2},"end":{"line":96,"column":3}},{"start":{},"end":{}}],"line":94}},"s":{"0":0,"1":0,"2":0,"3":0,"4":0,"5":0,"6":0,"7":0,"8":0,"9":0,"10":0,"11":0,"12":0,"13":0,"14":0,"15":0,"16":0,"17":0,"18":0,"19":0,"20":0,"21":0,"22":0,"23":0,"24":0,"25":0,"26":0,"27":0,"28":0,"29":0,"30":0,"31":0,"32":0,"33":0,"34":0,"35":0,"36":0},"f":{"0":0,"1":0,"2":0,"3":0},"b":{"0":[0,0],"1":[0,0],"2":[0,0],"3":[0,0],"4":[0,0]}}
}
